[11:28:59] [INFO] changed log level from 'warning, error' to 'debug, info, warning, error'
[11:28:59] [DEBUG] mysql_connect("localhost", "root", "*****", "sampserver", 0) (d:\Project\Servers\SA-MP Server\samp-server\gamemodes\gmtest1.pwn:20)
[11:28:59] [DEBUG] CHandleManager::Create(this=0x8ade38, host='localhost', user='root', pass='****', db='sampserver', options=0x892f78)
[11:28:59] [INFO] Creating new connection handle...
[11:28:59] [WARNING] mysql_connect: no password specified (d:\Project\Servers\SA-MP Server\samp-server\gamemodes\gmtest1.pwn:20)
[11:28:59] [DEBUG] CConnection::CConnection(this=0x8a9178, host='localhost', user='root', passw='****', db='sampserver', options=0x892f78)
[11:28:59] [DEBUG] CConnection::CConnection - new connection = 0x8c5028
[11:28:59] [DEBUG] CConnection::CConnection(this=0x3fe4020, host='localhost', user='root', passw='****', db='sampserver', options=0x892f78)
[11:28:59] [DEBUG] CConnection::CConnection - new connection = 0x8cc358
[11:28:59] [DEBUG] CThreadedConnection::WorkerFunc(this=0x3fe4020, connection=0x3fe4020)
[11:28:59] [DEBUG] CThreadedConnection::CThreadedConnection(this=0x3fe4020, connection=0x3fe4020)
[11:28:59] [DEBUG] CConnectionPool::CConnectionPool(size=2, this=0x8a91b8)
[11:28:59] [DEBUG] CConnection::CConnection(this=0x41bc020, host='localhost', user='root', passw='****', db='sampserver', options=0x892f78)
[11:28:59] [DEBUG] CConnection::CConnection - new connection = 0x8ff780
[11:28:59] [DEBUG] CThreadedConnection::WorkerFunc(this=0x41bc020, connection=0x41bc020)
[11:28:59] [DEBUG] CThreadedConnection::CThreadedConnection(this=0x41bc020, connection=0x41bc020)
[11:28:59] [DEBUG] CConnection::CConnection(this=0x438a020, host='localhost', user='root', passw='****', db='sampserver', options=0x892f78)
[11:28:59] [DEBUG] CConnection::CConnection - new connection = 0x907f68
[11:28:59] [DEBUG] CThreadedConnection::WorkerFunc(this=0x438a020, connection=0x438a020)
[11:28:59] [DEBUG] CThreadedConnection::CThreadedConnection(this=0x438a020, connection=0x438a020)
[11:28:59] [INFO] Connection handle with id '1' successfully created.
[11:28:59] [DEBUG] CHandleManager::Create - new handle = 0x897558
[11:28:59] [DEBUG] mysql_connect: return value: '1' (d:\Project\Servers\SA-MP Server\samp-server\gamemodes\gmtest1.pwn:20)
[11:28:59] [DEBUG] mysql_errno(1) (d:\Project\Servers\SA-MP Server\samp-server\gamemodes\gmtest1.pwn:23)
[11:28:59] [DEBUG] CHandle::GetErrorId(this=0x897558)
[11:28:59] [DEBUG] CConnection::GetError(this=0x8a9178, connection=0x8c5028)
[11:28:59] [DEBUG] CHandle::GetErrorId - return value: true, error id: '0', error msg: ''
[11:28:59] [DEBUG] mysql_errno: return value: '0' (d:\Project\Servers\SA-MP Server\samp-server\gamemodes\gmtest1.pwn:23)
[11:36:39] [INFO] changed log level from 'warning, error' to 'debug, info, warning, error'
[11:36:39] [DEBUG] mysql_connect_file("mysql.ini") (d:\Project\Servers\SA-MP Server\samp-server\gamemodes\gamemode.pwn:590 -> D:\Project\Servers\SA-MP Server\samp-server\pawno\include\YSI_Coding\y_va\..\..\YSI_Core\y_core\..\..\indirection\indirection.inc:1033)
[11:36:39] [DEBUG] CHandleManager::CreateFromFile(this=0x848298, file_path='mysql.ini')
[11:36:39] [INFO] Options instance with id '1' successfully created.
[11:36:39] [DEBUG] CHandleManager::CreateFromFile - new options = 0x858e58 (id '1')
[11:36:39] [DEBUG] CHandleManager::Create(this=0x848298, host='localhost', user='root', pass='****', db='sampserver', options=0x858e58)
[11:36:39] [INFO] Creating new connection handle...
[11:36:39] [WARNING] mysql_connect_file: no password specified (d:\Project\Servers\SA-MP Server\samp-server\gamemodes\gamemode.pwn:590 -> D:\Project\Servers\SA-MP Server\samp-server\pawno\include\YSI_Coding\y_va\..\..\YSI_Core\y_core\..\..\indirection\indirection.inc:1033)
[11:36:39] [DEBUG] CConnection::CConnection(this=0x8388c0, host='localhost', user='root', passw='****', db='sampserver', options=0x858e58)
[11:36:39] [DEBUG] CConnection::CConnection - new connection = 0x85ba48
[11:36:39] [DEBUG] CConnection::CConnection(this=0x417b020, host='localhost', user='root', passw='****', db='sampserver', options=0x858e58)
[11:36:39] [DEBUG] CConnection::CConnection - new connection = 0x85ebc8
[11:36:39] [DEBUG] CThreadedConnection::WorkerFunc(this=0x417b020, connection=0x417b020)
[11:36:39] [DEBUG] CThreadedConnection::CThreadedConnection(this=0x417b020, connection=0x417b020)
[11:36:39] [DEBUG] CConnectionPool::CConnectionPool(size=2, this=0x838b40)
[11:36:39] [DEBUG] CConnection::CConnection(this=0x4341020, host='localhost', user='root', passw='****', db='sampserver', options=0x858e58)
[11:36:39] [DEBUG] CConnection::CConnection - new connection = 0x8b06f8
[11:36:39] [DEBUG] CThreadedConnection::WorkerFunc(this=0x4341020, connection=0x4341020)
[11:36:39] [DEBUG] CThreadedConnection::CThreadedConnection(this=0x4341020, connection=0x4341020)
[11:36:39] [DEBUG] CConnection::CConnection(this=0x451f020, host='localhost', user='root', passw='****', db='sampserver', options=0x858e58)
[11:36:39] [DEBUG] CConnection::CConnection - new connection = 0x8b9c90
[11:36:39] [DEBUG] CThreadedConnection::WorkerFunc(this=0x451f020, connection=0x451f020)
[11:36:39] [DEBUG] CThreadedConnection::CThreadedConnection(this=0x451f020, connection=0x451f020)
[11:36:39] [INFO] Connection handle with id '1' successfully created.
[11:36:39] [DEBUG] CHandleManager::Create - new handle = 0x806e10
[11:36:39] [DEBUG] mysql_connect_file: return value: '1' (d:\Project\Servers\SA-MP Server\samp-server\gamemodes\gamemode.pwn:590 -> D:\Project\Servers\SA-MP Server\samp-server\pawno\include\YSI_Coding\y_va\..\..\YSI_Core\y_core\..\..\indirection\indirection.inc:1033)
[11:36:39] [DEBUG] mysql_errno(1) (d:\Project\Servers\SA-MP Server\samp-server\gamemodes\gamemode.pwn:592 -> D:\Project\Servers\SA-MP Server\samp-server\pawno\include\YSI_Coding\y_va\..\..\YSI_Core\y_core\..\..\indirection\indirection.inc:1033)
[11:36:39] [DEBUG] CHandle::GetErrorId(this=0x806e10)
[11:36:39] [DEBUG] CConnection::GetError(this=0x8388c0, connection=0x85ba48)
[11:36:39] [DEBUG] CHandle::GetErrorId - return value: true, error id: '0', error msg: ''
[11:36:39] [DEBUG] mysql_errno: return value: '0' (d:\Project\Servers\SA-MP Server\samp-server\gamemodes\gamemode.pwn:592 -> D:\Project\Servers\SA-MP Server\samp-server\pawno\include\YSI_Coding\y_va\..\..\YSI_Core\y_core\..\..\indirection\indirection.inc:1033)
[11:36:39] [DEBUG] mysql_query(1, "select * from users order by id asc", 1) (d:\Project\Servers\SA-MP Server\samp-server\gamemodes\gamemode.pwn:254 -> d:\Project\Servers\SA-MP Server\samp-server\gamemodes\gamemode.pwn:597 -> D:\Project\Servers\SA-MP Server\samp-server\pawno\include\YSI_Coding\y_va\..\..\YSI_Core\y_core\..\..\indirection\indirection.inc:1033)
[11:36:39] [DEBUG] CHandle::Execute(this=0x806e10, type=3, query=0x89d308)
[11:36:39] [DEBUG] CConnection::Execute(query=0x89d308, this=0x8388c0, connection=0x85ba48)
[11:36:39] [DEBUG] CQuery::Execute(this=0x89d308, connection=0x85ba48)
[11:36:39] [INFO] query "select * from users order by id asc" successfully executed within 0.583 milliseconds
[11:36:39] [DEBUG] CResultSet::Create(connection=0x85ba48, query_str='select * from users order by id asc')
[11:36:39] [DEBUG] created new resultset '0x803a28'
[11:36:39] [DEBUG] fetched MySQL result '0x836580'
[11:36:39] [DEBUG] allocated 0 bytes for PAWN result
[11:36:39] [DEBUG] CHandle::Execute - return value: true
[11:36:39] [DEBUG] mysql_query: return value: '1' (d:\Project\Servers\SA-MP Server\samp-server\gamemodes\gamemode.pwn:254 -> d:\Project\Servers\SA-MP Server\samp-server\gamemodes\gamemode.pwn:597 -> D:\Project\Servers\SA-MP Server\samp-server\pawno\include\YSI_Coding\y_va\..\..\YSI_Core\y_core\..\..\indirection\indirection.inc:1033)
[11:36:39] [DEBUG] cache_get_row_count(0x04020FD0) (d:\Project\Servers\SA-MP Server\samp-server\gamemodes\gamemode.pwn:255 -> d:\Project\Servers\SA-MP Server\samp-server\gamemodes\gamemode.pwn:597 -> D:\Project\Servers\SA-MP Server\samp-server\pawno\include\YSI_Coding\y_va\..\..\YSI_Core\y_core\..\..\indirection\indirection.inc:1033)
[11:36:39] [DEBUG] cache_get_row_count: return value: '1' (d:\Project\Servers\SA-MP Server\samp-server\gamemodes\gamemode.pwn:255 -> d:\Project\Servers\SA-MP Server\samp-server\gamemodes\gamemode.pwn:597 -> D:\Project\Servers\SA-MP Server\samp-server\pawno\include\YSI_Coding\y_va\..\..\YSI_Core\y_core\..\..\indirection\indirection.inc:1033)
[11:36:39] [DEBUG] mysql_query(1, "select * from bans order by username asc", 1) (d:\Project\Servers\SA-MP Server\samp-server\gamemodes\gamemode.pwn:259 -> d:\Project\Servers\SA-MP Server\samp-server\gamemodes\gamemode.pwn:597 -> D:\Project\Servers\SA-MP Server\samp-server\pawno\include\YSI_Coding\y_va\..\..\YSI_Core\y_core\..\..\indirection\indirection.inc:1033)
[11:36:39] [DEBUG] CHandle::Execute(this=0x806e10, type=3, query=0x89c858)
[11:36:39] [DEBUG] CConnection::Execute(query=0x89c858, this=0x8388c0, connection=0x85ba48)
[11:36:39] [DEBUG] CQuery::Execute(this=0x89c858, connection=0x85ba48)
[11:36:39] [INFO] query "select * from bans order by username asc" successfully executed within 0.545 milliseconds
[11:36:39] [DEBUG] CResultSet::Create(connection=0x85ba48, query_str='select * from bans order by username asc')
[11:36:39] [DEBUG] created new resultset '0x85a3f8'
[11:36:39] [DEBUG] fetched MySQL result '0x89e560'
[11:36:39] [DEBUG] allocated 0 bytes for PAWN result
[11:36:39] [DEBUG] CHandle::Execute - return value: true
[11:36:39] [DEBUG] mysql_query: return value: '2' (d:\Project\Servers\SA-MP Server\samp-server\gamemodes\gamemode.pwn:259 -> d:\Project\Servers\SA-MP Server\samp-server\gamemodes\gamemode.pwn:597 -> D:\Project\Servers\SA-MP Server\samp-server\pawno\include\YSI_Coding\y_va\..\..\YSI_Core\y_core\..\..\indirection\indirection.inc:1033)
[11:36:39] [DEBUG] cache_get_row_count(0x04020FD0) (d:\Project\Servers\SA-MP Server\samp-server\gamemodes\gamemode.pwn:260 -> d:\Project\Servers\SA-MP Server\samp-server\gamemodes\gamemode.pwn:597 -> D:\Project\Servers\SA-MP Server\samp-server\pawno\include\YSI_Coding\y_va\..\..\YSI_Core\y_core\..\..\indirection\indirection.inc:1033)
[11:36:39] [DEBUG] cache_get_row_count: return value: '1' (d:\Project\Servers\SA-MP Server\samp-server\gamemodes\gamemode.pwn:260 -> d:\Project\Servers\SA-MP Server\samp-server\gamemodes\gamemode.pwn:597 -> D:\Project\Servers\SA-MP Server\samp-server\pawno\include\YSI_Coding\y_va\..\..\YSI_Core\y_core\..\..\indirection\indirection.inc:1033)
[11:36:39] [DEBUG] mysql_query(1, "select * from banips order by ip asc", 1) (d:\Project\Servers\SA-MP Server\samp-server\gamemodes\gamemode.pwn:264 -> d:\Project\Servers\SA-MP Server\samp-server\gamemodes\gamemode.pwn:597 -> D:\Project\Servers\SA-MP Server\samp-server\pawno\include\YSI_Coding\y_va\..\..\YSI_Core\y_core\..\..\indirection\indirection.inc:1033)
[11:36:39] [DEBUG] CHandle::Execute(this=0x806e10, type=3, query=0x89cf78)
[11:36:39] [DEBUG] CConnection::Execute(query=0x89cf78, this=0x8388c0, connection=0x85ba48)
[11:36:39] [DEBUG] CQuery::Execute(this=0x89cf78, connection=0x85ba48)
[11:36:39] [INFO] query "select * from banips order by ip asc" successfully executed within 0.566 milliseconds
[11:36:39] [DEBUG] CResultSet::Create(connection=0x85ba48, query_str='select * from banips order by ip asc')
[11:36:39] [DEBUG] created new resultset '0x85a4d8'
[11:36:39] [DEBUG] fetched MySQL result '0x89e560'
[11:36:39] [DEBUG] allocated 0 bytes for PAWN result
[11:36:39] [DEBUG] CHandle::Execute - return value: true
[11:36:39] [DEBUG] mysql_query: return value: '3' (d:\Project\Servers\SA-MP Server\samp-server\gamemodes\gamemode.pwn:264 -> d:\Project\Servers\SA-MP Server\samp-server\gamemodes\gamemode.pwn:597 -> D:\Project\Servers\SA-MP Server\samp-server\pawno\include\YSI_Coding\y_va\..\..\YSI_Core\y_core\..\..\indirection\indirection.inc:1033)
[11:36:39] [DEBUG] cache_get_row_count(0x04020FD0) (d:\Project\Servers\SA-MP Server\samp-server\gamemodes\gamemode.pwn:265 -> d:\Project\Servers\SA-MP Server\samp-server\gamemodes\gamemode.pwn:597 -> D:\Project\Servers\SA-MP Server\samp-server\pawno\include\YSI_Coding\y_va\..\..\YSI_Core\y_core\..\..\indirection\indirection.inc:1033)
[11:36:39] [DEBUG] cache_get_row_count: return value: '1' (d:\Project\Servers\SA-MP Server\samp-server\gamemodes\gamemode.pwn:265 -> d:\Project\Servers\SA-MP Server\samp-server\gamemodes\gamemode.pwn:597 -> D:\Project\Servers\SA-MP Server\samp-server\pawno\include\YSI_Coding\y_va\..\..\YSI_Core\y_core\..\..\indirection\indirection.inc:1033)
[11:36:39] [DEBUG] mysql_query(1, "select * from admins order by username asc", 1) (d:\Project\Servers\SA-MP Server\samp-server\gamemodes\gamemode.pwn:269 -> d:\Project\Servers\SA-MP Server\samp-server\gamemodes\gamemode.pwn:597 -> D:\Project\Servers\SA-MP Server\samp-server\pawno\include\YSI_Coding\y_va\..\..\YSI_Core\y_core\..\..\indirection\indirection.inc:1033)
[11:36:39] [DEBUG] CHandle::Execute(this=0x806e10, type=3, query=0x89cb50)
[11:36:39] [DEBUG] CConnection::Execute(query=0x89cb50, this=0x8388c0, connection=0x85ba48)
[11:36:39] [DEBUG] CQuery::Execute(this=0x89cb50, connection=0x85ba48)
[11:36:39] [INFO] query "select * from admins order by username asc" successfully executed within 0.269 milliseconds
[11:36:39] [DEBUG] CResultSet::Create(connection=0x85ba48, query_str='select * from admins order by username asc')
[11:36:39] [DEBUG] created new resultset '0x85a580'
[11:36:39] [DEBUG] fetched MySQL result '0x89e560'
[11:36:39] [DEBUG] allocated 0 bytes for PAWN result
[11:36:39] [DEBUG] CHandle::Execute - return value: true
[11:36:39] [DEBUG] mysql_query: return value: '4' (d:\Project\Servers\SA-MP Server\samp-server\gamemodes\gamemode.pwn:269 -> d:\Project\Servers\SA-MP Server\samp-server\gamemodes\gamemode.pwn:597 -> D:\Project\Servers\SA-MP Server\samp-server\pawno\include\YSI_Coding\y_va\..\..\YSI_Core\y_core\..\..\indirection\indirection.inc:1033)
[11:36:39] [DEBUG] cache_get_row_count(0x04020FD0) (d:\Project\Servers\SA-MP Server\samp-server\gamemodes\gamemode.pwn:270 -> d:\Project\Servers\SA-MP Server\samp-server\gamemodes\gamemode.pwn:597 -> D:\Project\Servers\SA-MP Server\samp-server\pawno\include\YSI_Coding\y_va\..\..\YSI_Core\y_core\..\..\indirection\indirection.inc:1033)
[11:36:39] [DEBUG] cache_get_row_count: return value: '1' (d:\Project\Servers\SA-MP Server\samp-server\gamemodes\gamemode.pwn:270 -> d:\Project\Servers\SA-MP Server\samp-server\gamemodes\gamemode.pwn:597 -> D:\Project\Servers\SA-MP Server\samp-server\pawno\include\YSI_Coding\y_va\..\..\YSI_Core\y_core\..\..\indirection\indirection.inc:1033)
[11:36:39] [DEBUG] mysql_query(1, "select * from commands order by cmd asc", 1) (d:\Project\Servers\SA-MP Server\samp-server\gamemodes\gamemode.pwn:274 -> d:\Project\Servers\SA-MP Server\samp-server\gamemodes\gamemode.pwn:597 -> D:\Project\Servers\SA-MP Server\samp-server\pawno\include\YSI_Coding\y_va\..\..\YSI_Core\y_core\..\..\indirection\indirection.inc:1033)
[11:36:39] [DEBUG] CHandle::Execute(this=0x806e10, type=3, query=0x89cd18)
[11:36:39] [DEBUG] CConnection::Execute(query=0x89cd18, this=0x8388c0, connection=0x85ba48)
[11:36:39] [DEBUG] CQuery::Execute(this=0x89cd18, connection=0x85ba48)
[11:36:39] [INFO] query "select * from commands order by cmd asc" successfully executed within 0.226 milliseconds
[11:36:39] [DEBUG] CResultSet::Create(connection=0x85ba48, query_str='select * from commands order by cmd asc')
[11:36:39] [DEBUG] created new resultset '0x8c8660'
[11:36:39] [DEBUG] fetched MySQL result '0x8c0068'
[11:36:39] [DEBUG] allocated 0 bytes for PAWN result
[11:36:39] [DEBUG] CHandle::Execute - return value: true
[11:36:39] [DEBUG] mysql_query: return value: '5' (d:\Project\Servers\SA-MP Server\samp-server\gamemodes\gamemode.pwn:274 -> d:\Project\Servers\SA-MP Server\samp-server\gamemodes\gamemode.pwn:597 -> D:\Project\Servers\SA-MP Server\samp-server\pawno\include\YSI_Coding\y_va\..\..\YSI_Core\y_core\..\..\indirection\indirection.inc:1033)
[11:36:39] [DEBUG] cache_get_row_count(0x04020FD0) (d:\Project\Servers\SA-MP Server\samp-server\gamemodes\gamemode.pwn:275 -> d:\Project\Servers\SA-MP Server\samp-server\gamemodes\gamemode.pwn:597 -> D:\Project\Servers\SA-MP Server\samp-server\pawno\include\YSI_Coding\y_va\..\..\YSI_Core\y_core\..\..\indirection\indirection.inc:1033)
[11:36:39] [DEBUG] cache_get_row_count: return value: '1' (d:\Project\Servers\SA-MP Server\samp-server\gamemodes\gamemode.pwn:275 -> d:\Project\Servers\SA-MP Server\samp-server\gamemodes\gamemode.pwn:597 -> D:\Project\Servers\SA-MP Server\samp-server\pawno\include\YSI_Coding\y_va\..\..\YSI_Core\y_core\..\..\indirection\indirection.inc:1033)
[11:36:39] [DEBUG] cache_delete(5) (d:\Project\Servers\SA-MP Server\samp-server\gamemodes\gamemode.pwn:279 -> d:\Project\Servers\SA-MP Server\samp-server\gamemodes\gamemode.pwn:597 -> D:\Project\Servers\SA-MP Server\samp-server\pawno\include\YSI_Coding\y_va\..\..\YSI_Core\y_core\..\..\indirection\indirection.inc:1033)
[11:36:39] [DEBUG] cache_delete: return value: '1' (d:\Project\Servers\SA-MP Server\samp-server\gamemodes\gamemode.pwn:279 -> d:\Project\Servers\SA-MP Server\samp-server\gamemodes\gamemode.pwn:597 -> D:\Project\Servers\SA-MP Server\samp-server\pawno\include\YSI_Coding\y_va\..\..\YSI_Core\y_core\..\..\indirection\indirection.inc:1033)
[11:36:39] [DEBUG] mysql_format(1, 0x04020DD4, 128, "select * from commands order by cmd asc") (d:\Project\Servers\SA-MP Server\samp-server\gamemodes\gamemode.pwn:286 -> d:\Project\Servers\SA-MP Server\samp-server\gamemodes\gamemode.pwn:599 -> D:\Project\Servers\SA-MP Server\samp-server\pawno\include\YSI_Coding\y_va\..\..\YSI_Core\y_core\..\..\indirection\indirection.inc:1033)
[11:36:39] [DEBUG] mysql_format: return value: '39' (d:\Project\Servers\SA-MP Server\samp-server\gamemodes\gamemode.pwn:286 -> d:\Project\Servers\SA-MP Server\samp-server\gamemodes\gamemode.pwn:599 -> D:\Project\Servers\SA-MP Server\samp-server\pawno\include\YSI_Coding\y_va\..\..\YSI_Core\y_core\..\..\indirection\indirection.inc:1033)
[11:36:39] [DEBUG] mysql_query(1, "select * from commands order by cmd asc", 1) (d:\Project\Servers\SA-MP Server\samp-server\gamemodes\gamemode.pwn:287 -> d:\Project\Servers\SA-MP Server\samp-server\gamemodes\gamemode.pwn:599 -> D:\Project\Servers\SA-MP Server\samp-server\pawno\include\YSI_Coding\y_va\..\..\YSI_Core\y_core\..\..\indirection\indirection.inc:1033)
[11:36:39] [DEBUG] CHandle::Execute(this=0x806e10, type=3, query=0x89c8f0)
[11:36:39] [DEBUG] CConnection::Execute(query=0x89c8f0, this=0x8388c0, connection=0x85ba48)
[11:36:39] [DEBUG] CQuery::Execute(this=0x89c8f0, connection=0x85ba48)
[11:36:39] [INFO] query "select * from commands order by cmd asc" successfully executed within 0.216 milliseconds
[11:36:39] [DEBUG] CResultSet::Create(connection=0x85ba48, query_str='select * from commands order by cmd asc')
[11:36:39] [DEBUG] created new resultset '0x8c85b8'
[11:36:39] [DEBUG] fetched MySQL result '0x8c0068'
[11:36:39] [DEBUG] allocated 0 bytes for PAWN result
[11:36:39] [DEBUG] CHandle::Execute - return value: true
[11:36:39] [DEBUG] mysql_query: return value: '5' (d:\Project\Servers\SA-MP Server\samp-server\gamemodes\gamemode.pwn:287 -> d:\Project\Servers\SA-MP Server\samp-server\gamemodes\gamemode.pwn:599 -> D:\Project\Servers\SA-MP Server\samp-server\pawno\include\YSI_Coding\y_va\..\..\YSI_Core\y_core\..\..\indirection\indirection.inc:1033)
[11:36:39] [DEBUG] cache_get_row_count(0x04020FD4) (d:\Project\Servers\SA-MP Server\samp-server\gamemodes\gamemode.pwn:288 -> d:\Project\Servers\SA-MP Server\samp-server\gamemodes\gamemode.pwn:599 -> D:\Project\Servers\SA-MP Server\samp-server\pawno\include\YSI_Coding\y_va\..\..\YSI_Core\y_core\..\..\indirection\indirection.inc:1033)
[11:36:39] [DEBUG] cache_get_row_count: return value: '1' (d:\Project\Servers\SA-MP Server\samp-server\gamemodes\gamemode.pwn:288 -> d:\Project\Servers\SA-MP Server\samp-server\gamemodes\gamemode.pwn:599 -> D:\Project\Servers\SA-MP Server\samp-server\pawno\include\YSI_Coding\y_va\..\..\YSI_Core\y_core\..\..\indirection\indirection.inc:1033)
[11:36:39] [DEBUG] cache_delete(5) (d:\Project\Servers\SA-MP Server\samp-server\gamemodes\gamemode.pwn:300 -> d:\Project\Servers\SA-MP Server\samp-server\gamemodes\gamemode.pwn:599 -> D:\Project\Servers\SA-MP Server\samp-server\pawno\include\YSI_Coding\y_va\..\..\YSI_Core\y_core\..\..\indirection\indirection.inc:1033)
[11:36:39] [DEBUG] cache_delete: return value: '1' (d:\Project\Servers\SA-MP Server\samp-server\gamemodes\gamemode.pwn:300 -> d:\Project\Servers\SA-MP Server\samp-server\gamemodes\gamemode.pwn:599 -> D:\Project\Servers\SA-MP Server\samp-server\pawno\include\YSI_Coding\y_va\..\..\YSI_Core\y_core\..\..\indirection\indirection.inc:1033)
[11:39:47] [INFO] changed log level from 'warning, error' to 'debug, info, warning, error'
[11:39:47] [DEBUG] mysql_connect_file("mysql.ini") (d:\Project\Servers\SA-MP Server\samp-server\gamemodes\gamemode.pwn:592 -> D:\Project\Servers\SA-MP Server\samp-server\pawno\include\YSI_Coding\y_va\..\..\YSI_Core\y_core\..\..\indirection\indirection.inc:1033)
[11:39:47] [DEBUG] CHandleManager::CreateFromFile(this=0x6964d8, file_path='mysql.ini')
[11:39:47] [INFO] Options instance with id '1' successfully created.
[11:39:47] [DEBUG] CHandleManager::CreateFromFile - new options = 0x6a78a0 (id '1')
[11:39:47] [DEBUG] CHandleManager::Create(this=0x6964d8, host='localhost', user='root', pass='****', db='sampserver', options=0x6a78a0)
[11:39:47] [INFO] Creating new connection handle...
[11:39:47] [WARNING] mysql_connect_file: no password specified (d:\Project\Servers\SA-MP Server\samp-server\gamemodes\gamemode.pwn:592 -> D:\Project\Servers\SA-MP Server\samp-server\pawno\include\YSI_Coding\y_va\..\..\YSI_Core\y_core\..\..\indirection\indirection.inc:1033)
[11:39:47] [DEBUG] CConnection::CConnection(this=0x689808, host='localhost', user='root', passw='****', db='sampserver', options=0x6a78a0)
[11:39:47] [DEBUG] CConnection::CConnection - new connection = 0x6aa030
[11:39:47] [DEBUG] CConnection::CConnection(this=0x2d69020, host='localhost', user='root', passw='****', db='sampserver', options=0x6a78a0)
[11:39:47] [DEBUG] CConnection::CConnection - new connection = 0x6de6d8
[11:39:47] [DEBUG] CThreadedConnection::WorkerFunc(this=0x2d69020, connection=0x2d69020)
[11:39:47] [DEBUG] CThreadedConnection::CThreadedConnection(this=0x2d69020, connection=0x2d69020)
[11:39:47] [DEBUG] CConnectionPool::CConnectionPool(size=2, this=0x689888)
[11:39:47] [DEBUG] CConnection::CConnection(this=0x448a020, host='localhost', user='root', passw='****', db='sampserver', options=0x6a78a0)
[11:39:47] [DEBUG] CConnection::CConnection - new connection = 0x6ef878
[11:39:47] [DEBUG] CThreadedConnection::WorkerFunc(this=0x448a020, connection=0x448a020)
[11:39:47] [DEBUG] CThreadedConnection::CThreadedConnection(this=0x448a020, connection=0x448a020)
[11:39:47] [DEBUG] CConnection::CConnection(this=0x4610020, host='localhost', user='root', passw='****', db='sampserver', options=0x6a78a0)
[11:39:47] [DEBUG] CConnection::CConnection - new connection = 0x6f8338
[11:39:47] [DEBUG] CThreadedConnection::CThreadedConnection(this=0x4610020, connection=0x4610020)
[11:39:47] [DEBUG] CThreadedConnection::WorkerFunc(this=0x4610020, connection=0x4610020)
[11:39:47] [INFO] Connection handle with id '1' successfully created.
[11:39:47] [DEBUG] CHandleManager::Create - new handle = 0x657138
[11:39:47] [DEBUG] mysql_connect_file: return value: '1' (d:\Project\Servers\SA-MP Server\samp-server\gamemodes\gamemode.pwn:592 -> D:\Project\Servers\SA-MP Server\samp-server\pawno\include\YSI_Coding\y_va\..\..\YSI_Core\y_core\..\..\indirection\indirection.inc:1033)
[11:39:47] [DEBUG] mysql_errno(1) (d:\Project\Servers\SA-MP Server\samp-server\gamemodes\gamemode.pwn:594 -> D:\Project\Servers\SA-MP Server\samp-server\pawno\include\YSI_Coding\y_va\..\..\YSI_Core\y_core\..\..\indirection\indirection.inc:1033)
[11:39:47] [DEBUG] CHandle::GetErrorId(this=0x657138)
[11:39:47] [DEBUG] CConnection::GetError(this=0x689808, connection=0x6aa030)
[11:39:47] [DEBUG] CHandle::GetErrorId - return value: true, error id: '0', error msg: ''
[11:39:47] [DEBUG] mysql_errno: return value: '0' (d:\Project\Servers\SA-MP Server\samp-server\gamemodes\gamemode.pwn:594 -> D:\Project\Servers\SA-MP Server\samp-server\pawno\include\YSI_Coding\y_va\..\..\YSI_Core\y_core\..\..\indirection\indirection.inc:1033)
[11:39:47] [DEBUG] mysql_query(1, "select * from users order by id asc", 1) (d:\Project\Servers\SA-MP Server\samp-server\gamemodes\gamemode.pwn:254 -> d:\Project\Servers\SA-MP Server\samp-server\gamemodes\gamemode.pwn:600 -> D:\Project\Servers\SA-MP Server\samp-server\pawno\include\YSI_Coding\y_va\..\..\YSI_Core\y_core\..\..\indirection\indirection.inc:1033)
[11:39:47] [DEBUG] CHandle::Execute(this=0x657138, type=3, query=0x6ac5a0)
[11:39:47] [DEBUG] CConnection::Execute(query=0x6ac5a0, this=0x689808, connection=0x6aa030)
[11:39:47] [DEBUG] CQuery::Execute(this=0x6ac5a0, connection=0x6aa030)
[11:39:47] [INFO] query "select * from users order by id asc" successfully executed within 0.429 milliseconds
[11:39:47] [DEBUG] CResultSet::Create(connection=0x6aa030, query_str='select * from users order by id asc')
[11:39:47] [DEBUG] created new resultset '0x709648'
[11:39:47] [DEBUG] fetched MySQL result '0x68b220'
[11:39:47] [DEBUG] allocated 0 bytes for PAWN result
[11:39:47] [DEBUG] CHandle::Execute - return value: true
[11:39:47] [DEBUG] mysql_query: return value: '1' (d:\Project\Servers\SA-MP Server\samp-server\gamemodes\gamemode.pwn:254 -> d:\Project\Servers\SA-MP Server\samp-server\gamemodes\gamemode.pwn:600 -> D:\Project\Servers\SA-MP Server\samp-server\pawno\include\YSI_Coding\y_va\..\..\YSI_Core\y_core\..\..\indirection\indirection.inc:1033)
[11:39:47] [DEBUG] cache_get_row_count(0x04274130) (d:\Project\Servers\SA-MP Server\samp-server\gamemodes\gamemode.pwn:255 -> d:\Project\Servers\SA-MP Server\samp-server\gamemodes\gamemode.pwn:600 -> D:\Project\Servers\SA-MP Server\samp-server\pawno\include\YSI_Coding\y_va\..\..\YSI_Core\y_core\..\..\indirection\indirection.inc:1033)
[11:39:47] [DEBUG] cache_get_row_count: return value: '1' (d:\Project\Servers\SA-MP Server\samp-server\gamemodes\gamemode.pwn:255 -> d:\Project\Servers\SA-MP Server\samp-server\gamemodes\gamemode.pwn:600 -> D:\Project\Servers\SA-MP Server\samp-server\pawno\include\YSI_Coding\y_va\..\..\YSI_Core\y_core\..\..\indirection\indirection.inc:1033)
[11:39:47] [DEBUG] mysql_query(1, "select * from bans order by username asc", 1) (d:\Project\Servers\SA-MP Server\samp-server\gamemodes\gamemode.pwn:259 -> d:\Project\Servers\SA-MP Server\samp-server\gamemodes\gamemode.pwn:600 -> D:\Project\Servers\SA-MP Server\samp-server\pawno\include\YSI_Coding\y_va\..\..\YSI_Core\y_core\..\..\indirection\indirection.inc:1033)
[11:39:47] [DEBUG] CHandle::Execute(this=0x657138, type=3, query=0x6ac5a0)
[11:39:47] [DEBUG] CConnection::Execute(query=0x6ac5a0, this=0x689808, connection=0x6aa030)
[11:39:47] [DEBUG] CQuery::Execute(this=0x6ac5a0, connection=0x6aa030)
[11:39:47] [INFO] query "select * from bans order by username asc" successfully executed within 0.286 milliseconds
[11:39:47] [DEBUG] CResultSet::Create(connection=0x6aa030, query_str='select * from bans order by username asc')
[11:39:47] [DEBUG] created new resultset '0x709610'
[11:39:47] [DEBUG] fetched MySQL result '0x69d4a0'
[11:39:47] [DEBUG] allocated 0 bytes for PAWN result
[11:39:47] [DEBUG] CHandle::Execute - return value: true
[11:39:47] [DEBUG] mysql_query: return value: '2' (d:\Project\Servers\SA-MP Server\samp-server\gamemodes\gamemode.pwn:259 -> d:\Project\Servers\SA-MP Server\samp-server\gamemodes\gamemode.pwn:600 -> D:\Project\Servers\SA-MP Server\samp-server\pawno\include\YSI_Coding\y_va\..\..\YSI_Core\y_core\..\..\indirection\indirection.inc:1033)
[11:39:47] [DEBUG] cache_get_row_count(0x04274130) (d:\Project\Servers\SA-MP Server\samp-server\gamemodes\gamemode.pwn:260 -> d:\Project\Servers\SA-MP Server\samp-server\gamemodes\gamemode.pwn:600 -> D:\Project\Servers\SA-MP Server\samp-server\pawno\include\YSI_Coding\y_va\..\..\YSI_Core\y_core\..\..\indirection\indirection.inc:1033)
[11:39:47] [DEBUG] cache_get_row_count: return value: '1' (d:\Project\Servers\SA-MP Server\samp-server\gamemodes\gamemode.pwn:260 -> d:\Project\Servers\SA-MP Server\samp-server\gamemodes\gamemode.pwn:600 -> D:\Project\Servers\SA-MP Server\samp-server\pawno\include\YSI_Coding\y_va\..\..\YSI_Core\y_core\..\..\indirection\indirection.inc:1033)
[11:39:47] [DEBUG] mysql_query(1, "select * from banips order by ip asc", 1) (d:\Project\Servers\SA-MP Server\samp-server\gamemodes\gamemode.pwn:264 -> d:\Project\Servers\SA-MP Server\samp-server\gamemodes\gamemode.pwn:600 -> D:\Project\Servers\SA-MP Server\samp-server\pawno\include\YSI_Coding\y_va\..\..\YSI_Core\y_core\..\..\indirection\indirection.inc:1033)
[11:39:47] [DEBUG] CHandle::Execute(this=0x657138, type=3, query=0x6acaf8)
[11:39:47] [DEBUG] CConnection::Execute(query=0x6acaf8, this=0x689808, connection=0x6aa030)
[11:39:47] [DEBUG] CQuery::Execute(this=0x6acaf8, connection=0x6aa030)
[11:39:47] [INFO] query "select * from banips order by ip asc" successfully executed within 0.285 milliseconds
[11:39:47] [DEBUG] CResultSet::Create(connection=0x6aa030, query_str='select * from banips order by ip asc')
[11:39:47] [DEBUG] created new resultset '0x709568'
[11:39:47] [DEBUG] fetched MySQL result '0x69d4a0'
[11:39:47] [DEBUG] allocated 0 bytes for PAWN result
[11:39:47] [DEBUG] CHandle::Execute - return value: true
[11:39:47] [DEBUG] mysql_query: return value: '3' (d:\Project\Servers\SA-MP Server\samp-server\gamemodes\gamemode.pwn:264 -> d:\Project\Servers\SA-MP Server\samp-server\gamemodes\gamemode.pwn:600 -> D:\Project\Servers\SA-MP Server\samp-server\pawno\include\YSI_Coding\y_va\..\..\YSI_Core\y_core\..\..\indirection\indirection.inc:1033)
[11:39:47] [DEBUG] cache_get_row_count(0x04274130) (d:\Project\Servers\SA-MP Server\samp-server\gamemodes\gamemode.pwn:265 -> d:\Project\Servers\SA-MP Server\samp-server\gamemodes\gamemode.pwn:600 -> D:\Project\Servers\SA-MP Server\samp-server\pawno\include\YSI_Coding\y_va\..\..\YSI_Core\y_core\..\..\indirection\indirection.inc:1033)
[11:39:47] [DEBUG] cache_get_row_count: return value: '1' (d:\Project\Servers\SA-MP Server\samp-server\gamemodes\gamemode.pwn:265 -> d:\Project\Servers\SA-MP Server\samp-server\gamemodes\gamemode.pwn:600 -> D:\Project\Servers\SA-MP Server\samp-server\pawno\include\YSI_Coding\y_va\..\..\YSI_Core\y_core\..\..\indirection\indirection.inc:1033)
[11:39:47] [DEBUG] mysql_query(1, "select * from admins order by username asc", 1) (d:\Project\Servers\SA-MP Server\samp-server\gamemodes\gamemode.pwn:269 -> d:\Project\Servers\SA-MP Server\samp-server\gamemodes\gamemode.pwn:600 -> D:\Project\Servers\SA-MP Server\samp-server\pawno\include\YSI_Coding\y_va\..\..\YSI_Core\y_core\..\..\indirection\indirection.inc:1033)
[11:39:47] [DEBUG] CHandle::Execute(this=0x657138, type=3, query=0x6acdf0)
[11:39:47] [DEBUG] CConnection::Execute(query=0x6acdf0, this=0x689808, connection=0x6aa030)
[11:39:47] [DEBUG] CQuery::Execute(this=0x6acdf0, connection=0x6aa030)
[11:39:47] [INFO] query "select * from admins order by username asc" successfully executed within 0.237 milliseconds
[11:39:47] [DEBUG] CResultSet::Create(connection=0x6aa030, query_str='select * from admins order by username asc')
[11:39:47] [DEBUG] created new resultset '0x7065e8'
[11:39:47] [DEBUG] fetched MySQL result '0x69d4a0'
[11:39:47] [DEBUG] allocated 0 bytes for PAWN result
[11:39:47] [DEBUG] CHandle::Execute - return value: true
[11:39:47] [DEBUG] mysql_query: return value: '4' (d:\Project\Servers\SA-MP Server\samp-server\gamemodes\gamemode.pwn:269 -> d:\Project\Servers\SA-MP Server\samp-server\gamemodes\gamemode.pwn:600 -> D:\Project\Servers\SA-MP Server\samp-server\pawno\include\YSI_Coding\y_va\..\..\YSI_Core\y_core\..\..\indirection\indirection.inc:1033)
[11:39:47] [DEBUG] cache_get_row_count(0x04274130) (d:\Project\Servers\SA-MP Server\samp-server\gamemodes\gamemode.pwn:270 -> d:\Project\Servers\SA-MP Server\samp-server\gamemodes\gamemode.pwn:600 -> D:\Project\Servers\SA-MP Server\samp-server\pawno\include\YSI_Coding\y_va\..\..\YSI_Core\y_core\..\..\indirection\indirection.inc:1033)
[11:39:47] [DEBUG] cache_get_row_count: return value: '1' (d:\Project\Servers\SA-MP Server\samp-server\gamemodes\gamemode.pwn:270 -> d:\Project\Servers\SA-MP Server\samp-server\gamemodes\gamemode.pwn:600 -> D:\Project\Servers\SA-MP Server\samp-server\pawno\include\YSI_Coding\y_va\..\..\YSI_Core\y_core\..\..\indirection\indirection.inc:1033)
[11:39:47] [DEBUG] mysql_format(1, 0x04273F1C, 128, "select * from commands order by cmd asc") (d:\Project\Servers\SA-MP Server\samp-server\gamemodes\gamemode.pwn:288 -> d:\Project\Servers\SA-MP Server\samp-server\gamemodes\gamemode.pwn:275 -> d:\Project\Servers\SA-MP Server\samp-server\gamemodes\gamemode.pwn:600 -> D:\Project\Servers\SA-MP Server\samp-server\pawno\include\YSI_Coding\y_va\..\..\YSI_Core\y_core\..\..\indirection\indirection.inc:1033)
[11:39:47] [DEBUG] mysql_format: return value: '39' (d:\Project\Servers\SA-MP Server\samp-server\gamemodes\gamemode.pwn:288 -> d:\Project\Servers\SA-MP Server\samp-server\gamemodes\gamemode.pwn:275 -> d:\Project\Servers\SA-MP Server\samp-server\gamemodes\gamemode.pwn:600 -> D:\Project\Servers\SA-MP Server\samp-server\pawno\include\YSI_Coding\y_va\..\..\YSI_Core\y_core\..\..\indirection\indirection.inc:1033)
[11:39:47] [DEBUG] mysql_query(1, "select * from commands order by cmd asc", 1) (d:\Project\Servers\SA-MP Server\samp-server\gamemodes\gamemode.pwn:289 -> d:\Project\Servers\SA-MP Server\samp-server\gamemodes\gamemode.pwn:275 -> d:\Project\Servers\SA-MP Server\samp-server\gamemodes\gamemode.pwn:600 -> D:\Project\Servers\SA-MP Server\samp-server\pawno\include\YSI_Coding\y_va\..\..\YSI_Core\y_core\..\..\indirection\indirection.inc:1033)
[11:39:47] [DEBUG] CHandle::Execute(this=0x657138, type=3, query=0x6ad050)
[11:39:47] [DEBUG] CConnection::Execute(query=0x6ad050, this=0x689808, connection=0x6aa030)
[11:39:47] [DEBUG] CQuery::Execute(this=0x6ad050, connection=0x6aa030)
[11:39:47] [INFO] query "select * from commands order by cmd asc" successfully executed within 0.222 milliseconds
[11:39:47] [DEBUG] CResultSet::Create(connection=0x6aa030, query_str='select * from commands order by cmd asc')
[11:39:47] [DEBUG] created new resultset '0x706a80'
[11:39:47] [DEBUG] fetched MySQL result '0x69d4a0'
[11:39:47] [DEBUG] allocated 0 bytes for PAWN result
[11:39:47] [DEBUG] CHandle::Execute - return value: true
[11:39:47] [DEBUG] mysql_query: return value: '5' (d:\Project\Servers\SA-MP Server\samp-server\gamemodes\gamemode.pwn:289 -> d:\Project\Servers\SA-MP Server\samp-server\gamemodes\gamemode.pwn:275 -> d:\Project\Servers\SA-MP Server\samp-server\gamemodes\gamemode.pwn:600 -> D:\Project\Servers\SA-MP Server\samp-server\pawno\include\YSI_Coding\y_va\..\..\YSI_Core\y_core\..\..\indirection\indirection.inc:1033)
[11:39:47] [DEBUG] cache_get_row_count(0x0427411C) (d:\Project\Servers\SA-MP Server\samp-server\gamemodes\gamemode.pwn:290 -> d:\Project\Servers\SA-MP Server\samp-server\gamemodes\gamemode.pwn:275 -> d:\Project\Servers\SA-MP Server\samp-server\gamemodes\gamemode.pwn:600 -> D:\Project\Servers\SA-MP Server\samp-server\pawno\include\YSI_Coding\y_va\..\..\YSI_Core\y_core\..\..\indirection\indirection.inc:1033)
[11:39:47] [DEBUG] cache_get_row_count: return value: '1' (d:\Project\Servers\SA-MP Server\samp-server\gamemodes\gamemode.pwn:290 -> d:\Project\Servers\SA-MP Server\samp-server\gamemodes\gamemode.pwn:275 -> d:\Project\Servers\SA-MP Server\samp-server\gamemodes\gamemode.pwn:600 -> D:\Project\Servers\SA-MP Server\samp-server\pawno\include\YSI_Coding\y_va\..\..\YSI_Core\y_core\..\..\indirection\indirection.inc:1033)
[11:39:47] [DEBUG] cache_delete(5) (d:\Project\Servers\SA-MP Server\samp-server\gamemodes\gamemode.pwn:302 -> d:\Project\Servers\SA-MP Server\samp-server\gamemodes\gamemode.pwn:275 -> d:\Project\Servers\SA-MP Server\samp-server\gamemodes\gamemode.pwn:600 -> D:\Project\Servers\SA-MP Server\samp-server\pawno\include\YSI_Coding\y_va\..\..\YSI_Core\y_core\..\..\indirection\indirection.inc:1033)
[11:39:47] [DEBUG] cache_delete: return value: '1' (d:\Project\Servers\SA-MP Server\samp-server\gamemodes\gamemode.pwn:302 -> d:\Project\Servers\SA-MP Server\samp-server\gamemodes\gamemode.pwn:275 -> d:\Project\Servers\SA-MP Server\samp-server\gamemodes\gamemode.pwn:600 -> D:\Project\Servers\SA-MP Server\samp-server\pawno\include\YSI_Coding\y_va\..\..\YSI_Core\y_core\..\..\indirection\indirection.inc:1033)
[11:39:47] [DEBUG] mysql_query(1, "select * from commands order by cmd asc", 1) (d:\Project\Servers\SA-MP Server\samp-server\gamemodes\gamemode.pwn:275 -> d:\Project\Servers\SA-MP Server\samp-server\gamemodes\gamemode.pwn:600 -> D:\Project\Servers\SA-MP Server\samp-server\pawno\include\YSI_Coding\y_va\..\..\YSI_Core\y_core\..\..\indirection\indirection.inc:1033)
[11:39:47] [DEBUG] CHandle::Execute(this=0x657138, type=3, query=0x6ad180)
[11:39:47] [DEBUG] CConnection::Execute(query=0x6ad180, this=0x689808, connection=0x6aa030)
[11:39:47] [DEBUG] CQuery::Execute(this=0x6ad180, connection=0x6aa030)
[11:39:47] [INFO] query "select * from commands order by cmd asc" successfully executed within 0.143 milliseconds
[11:39:47] [DEBUG] CResultSet::Create(connection=0x6aa030, query_str='select * from commands order by cmd asc')
[11:39:47] [DEBUG] created new resultset '0x7067e0'
[11:39:47] [DEBUG] fetched MySQL result '0x69d4a0'
[11:39:47] [DEBUG] allocated 0 bytes for PAWN result
[11:39:47] [DEBUG] CHandle::Execute - return value: true
[11:39:47] [DEBUG] mysql_query: return value: '5' (d:\Project\Servers\SA-MP Server\samp-server\gamemodes\gamemode.pwn:275 -> d:\Project\Servers\SA-MP Server\samp-server\gamemodes\gamemode.pwn:600 -> D:\Project\Servers\SA-MP Server\samp-server\pawno\include\YSI_Coding\y_va\..\..\YSI_Core\y_core\..\..\indirection\indirection.inc:1033)
[11:39:47] [DEBUG] cache_get_row_count(0x04274130) (d:\Project\Servers\SA-MP Server\samp-server\gamemodes\gamemode.pwn:276 -> d:\Project\Servers\SA-MP Server\samp-server\gamemodes\gamemode.pwn:600 -> D:\Project\Servers\SA-MP Server\samp-server\pawno\include\YSI_Coding\y_va\..\..\YSI_Core\y_core\..\..\indirection\indirection.inc:1033)
[11:39:47] [DEBUG] cache_get_row_count: return value: '1' (d:\Project\Servers\SA-MP Server\samp-server\gamemodes\gamemode.pwn:276 -> d:\Project\Servers\SA-MP Server\samp-server\gamemodes\gamemode.pwn:600 -> D:\Project\Servers\SA-MP Server\samp-server\pawno\include\YSI_Coding\y_va\..\..\YSI_Core\y_core\..\..\indirection\indirection.inc:1033)
[11:39:47] [DEBUG] cache_delete(5) (d:\Project\Servers\SA-MP Server\samp-server\gamemodes\gamemode.pwn:281 -> d:\Project\Servers\SA-MP Server\samp-server\gamemodes\gamemode.pwn:600 -> D:\Project\Servers\SA-MP Server\samp-server\pawno\include\YSI_Coding\y_va\..\..\YSI_Core\y_core\..\..\indirection\indirection.inc:1033)
[11:39:47] [DEBUG] cache_delete: return value: '1' (d:\Project\Servers\SA-MP Server\samp-server\gamemodes\gamemode.pwn:281 -> d:\Project\Servers\SA-MP Server\samp-server\gamemodes\gamemode.pwn:600 -> D:\Project\Servers\SA-MP Server\samp-server\pawno\include\YSI_Coding\y_va\..\..\YSI_Core\y_core\..\..\indirection\indirection.inc:1033)
[11:40:27] [INFO] changed log level from 'warning, error' to 'debug, info, warning, error'
[11:40:27] [DEBUG] mysql_connect_file("mysql.ini") (d:\Project\Servers\SA-MP Server\samp-server\gamemodes\gamemode.pwn:592 -> D:\Project\Servers\SA-MP Server\samp-server\pawno\include\YSI_Coding\y_va\..\..\YSI_Core\y_core\..\..\indirection\indirection.inc:1033)
[11:40:27] [DEBUG] CHandleManager::CreateFromFile(this=0x765d10, file_path='mysql.ini')
[11:40:27] [INFO] Options instance with id '1' successfully created.
[11:40:27] [DEBUG] CHandleManager::CreateFromFile - new options = 0x723938 (id '1')
[11:40:27] [DEBUG] CHandleManager::Create(this=0x765d10, host='localhost', user='root', pass='****', db='sampserver', options=0x723938)
[11:40:27] [INFO] Creating new connection handle...
[11:40:27] [WARNING] mysql_connect_file: no password specified (d:\Project\Servers\SA-MP Server\samp-server\gamemodes\gamemode.pwn:592 -> D:\Project\Servers\SA-MP Server\samp-server\pawno\include\YSI_Coding\y_va\..\..\YSI_Core\y_core\..\..\indirection\indirection.inc:1033)
[11:40:27] [DEBUG] CConnection::CConnection(this=0x75ec98, host='localhost', user='root', passw='****', db='sampserver', options=0x723938)
[11:40:27] [DEBUG] CConnection::CConnection - new connection = 0x77fa98
[11:40:27] [DEBUG] CConnection::CConnection(this=0x4262020, host='localhost', user='root', passw='****', db='sampserver', options=0x723938)
[11:40:27] [DEBUG] CConnection::CConnection - new connection = 0x7c98d8
[11:40:27] [DEBUG] CThreadedConnection::WorkerFunc(this=0x4262020, connection=0x4262020)
[11:40:27] [DEBUG] CThreadedConnection::CThreadedConnection(this=0x4262020, connection=0x4262020)
[11:40:27] [DEBUG] CConnectionPool::CConnectionPool(size=2, this=0x75ec58)
[11:40:27] [DEBUG] CConnection::CConnection(this=0x443a020, host='localhost', user='root', passw='****', db='sampserver', options=0x723938)
[11:40:27] [DEBUG] CConnection::CConnection - new connection = 0x7d2028
[11:40:27] [DEBUG] CThreadedConnection::WorkerFunc(this=0x443a020, connection=0x443a020)
[11:40:27] [DEBUG] CThreadedConnection::CThreadedConnection(this=0x443a020, connection=0x443a020)
[11:40:27] [DEBUG] CConnection::CConnection(this=0x4607020, host='localhost', user='root', passw='****', db='sampserver', options=0x723938)
[11:40:27] [DEBUG] CConnection::CConnection - new connection = 0x7db3c0
[11:40:27] [DEBUG] CThreadedConnection::WorkerFunc(this=0x4607020, connection=0x4607020)
[11:40:27] [DEBUG] CThreadedConnection::CThreadedConnection(this=0x4607020, connection=0x4607020)
[11:40:27] [INFO] Connection handle with id '1' successfully created.
[11:40:27] [DEBUG] CHandleManager::Create - new handle = 0x726d98
[11:40:27] [DEBUG] mysql_connect_file: return value: '1' (d:\Project\Servers\SA-MP Server\samp-server\gamemodes\gamemode.pwn:592 -> D:\Project\Servers\SA-MP Server\samp-server\pawno\include\YSI_Coding\y_va\..\..\YSI_Core\y_core\..\..\indirection\indirection.inc:1033)
[11:40:27] [DEBUG] mysql_errno(1) (d:\Project\Servers\SA-MP Server\samp-server\gamemodes\gamemode.pwn:594 -> D:\Project\Servers\SA-MP Server\samp-server\pawno\include\YSI_Coding\y_va\..\..\YSI_Core\y_core\..\..\indirection\indirection.inc:1033)
[11:40:27] [DEBUG] CHandle::GetErrorId(this=0x726d98)
[11:40:27] [DEBUG] CConnection::GetError(this=0x75ec98, connection=0x77fa98)
[11:40:27] [DEBUG] CHandle::GetErrorId - return value: true, error id: '0', error msg: ''
[11:40:27] [DEBUG] mysql_errno: return value: '0' (d:\Project\Servers\SA-MP Server\samp-server\gamemodes\gamemode.pwn:594 -> D:\Project\Servers\SA-MP Server\samp-server\pawno\include\YSI_Coding\y_va\..\..\YSI_Core\y_core\..\..\indirection\indirection.inc:1033)
[11:40:27] [DEBUG] mysql_query(1, "select * from users order by id asc", 1) (d:\Project\Servers\SA-MP Server\samp-server\gamemodes\gamemode.pwn:254 -> d:\Project\Servers\SA-MP Server\samp-server\gamemodes\gamemode.pwn:600 -> D:\Project\Servers\SA-MP Server\samp-server\pawno\include\YSI_Coding\y_va\..\..\YSI_Core\y_core\..\..\indirection\indirection.inc:1033)
[11:40:27] [DEBUG] CHandle::Execute(this=0x726d98, type=3, query=0x746588)
[11:40:27] [DEBUG] CConnection::Execute(query=0x746588, this=0x75ec98, connection=0x77fa98)
[11:40:27] [DEBUG] CQuery::Execute(this=0x746588, connection=0x77fa98)
[11:40:27] [INFO] query "select * from users order by id asc" successfully executed within 0.472 milliseconds
[11:40:27] [DEBUG] CResultSet::Create(connection=0x77fa98, query_str='select * from users order by id asc')
[11:40:27] [DEBUG] created new resultset '0x77e830'
[11:40:27] [DEBUG] fetched MySQL result '0x7470d0'
[11:40:27] [DEBUG] allocated 0 bytes for PAWN result
[11:40:27] [DEBUG] CHandle::Execute - return value: true
[11:40:27] [DEBUG] mysql_query: return value: '1' (d:\Project\Servers\SA-MP Server\samp-server\gamemodes\gamemode.pwn:254 -> d:\Project\Servers\SA-MP Server\samp-server\gamemodes\gamemode.pwn:600 -> D:\Project\Servers\SA-MP Server\samp-server\pawno\include\YSI_Coding\y_va\..\..\YSI_Core\y_core\..\..\indirection\indirection.inc:1033)
[11:40:27] [DEBUG] cache_get_row_count(0x0411D1EC) (d:\Project\Servers\SA-MP Server\samp-server\gamemodes\gamemode.pwn:255 -> d:\Project\Servers\SA-MP Server\samp-server\gamemodes\gamemode.pwn:600 -> D:\Project\Servers\SA-MP Server\samp-server\pawno\include\YSI_Coding\y_va\..\..\YSI_Core\y_core\..\..\indirection\indirection.inc:1033)
[11:40:27] [DEBUG] cache_get_row_count: return value: '1' (d:\Project\Servers\SA-MP Server\samp-server\gamemodes\gamemode.pwn:255 -> d:\Project\Servers\SA-MP Server\samp-server\gamemodes\gamemode.pwn:600 -> D:\Project\Servers\SA-MP Server\samp-server\pawno\include\YSI_Coding\y_va\..\..\YSI_Core\y_core\..\..\indirection\indirection.inc:1033)
[11:40:27] [DEBUG] mysql_query(1, "select * from bans order by username asc", 1) (d:\Project\Servers\SA-MP Server\samp-server\gamemodes\gamemode.pwn:259 -> d:\Project\Servers\SA-MP Server\samp-server\gamemodes\gamemode.pwn:600 -> D:\Project\Servers\SA-MP Server\samp-server\pawno\include\YSI_Coding\y_va\..\..\YSI_Core\y_core\..\..\indirection\indirection.inc:1033)
[11:40:27] [DEBUG] CHandle::Execute(this=0x726d98, type=3, query=0x746588)
[11:40:27] [DEBUG] CConnection::Execute(query=0x746588, this=0x75ec98, connection=0x77fa98)
[11:40:27] [DEBUG] CQuery::Execute(this=0x746588, connection=0x77fa98)
[11:40:27] [INFO] query "select * from bans order by username asc" successfully executed within 0.332 milliseconds
[11:40:27] [DEBUG] CResultSet::Create(connection=0x77fa98, query_str='select * from bans order by username asc')
[11:40:27] [DEBUG] created new resultset '0x77e750'
[11:40:27] [DEBUG] fetched MySQL result '0x77f3f0'
[11:40:27] [DEBUG] allocated 0 bytes for PAWN result
[11:40:27] [DEBUG] CHandle::Execute - return value: true
[11:40:27] [DEBUG] mysql_query: return value: '2' (d:\Project\Servers\SA-MP Server\samp-server\gamemodes\gamemode.pwn:259 -> d:\Project\Servers\SA-MP Server\samp-server\gamemodes\gamemode.pwn:600 -> D:\Project\Servers\SA-MP Server\samp-server\pawno\include\YSI_Coding\y_va\..\..\YSI_Core\y_core\..\..\indirection\indirection.inc:1033)
[11:40:27] [DEBUG] cache_get_row_count(0x0411D1EC) (d:\Project\Servers\SA-MP Server\samp-server\gamemodes\gamemode.pwn:260 -> d:\Project\Servers\SA-MP Server\samp-server\gamemodes\gamemode.pwn:600 -> D:\Project\Servers\SA-MP Server\samp-server\pawno\include\YSI_Coding\y_va\..\..\YSI_Core\y_core\..\..\indirection\indirection.inc:1033)
[11:40:27] [DEBUG] cache_get_row_count: return value: '1' (d:\Project\Servers\SA-MP Server\samp-server\gamemodes\gamemode.pwn:260 -> d:\Project\Servers\SA-MP Server\samp-server\gamemodes\gamemode.pwn:600 -> D:\Project\Servers\SA-MP Server\samp-server\pawno\include\YSI_Coding\y_va\..\..\YSI_Core\y_core\..\..\indirection\indirection.inc:1033)
[11:40:27] [DEBUG] mysql_query(1, "select * from banips order by ip asc", 1) (d:\Project\Servers\SA-MP Server\samp-server\gamemodes\gamemode.pwn:264 -> d:\Project\Servers\SA-MP Server\samp-server\gamemodes\gamemode.pwn:600 -> D:\Project\Servers\SA-MP Server\samp-server\pawno\include\YSI_Coding\y_va\..\..\YSI_Core\y_core\..\..\indirection\indirection.inc:1033)
[11:40:27] [DEBUG] CHandle::Execute(this=0x726d98, type=3, query=0x7460c8)
[11:40:27] [DEBUG] CConnection::Execute(query=0x7460c8, this=0x75ec98, connection=0x77fa98)
[11:40:27] [DEBUG] CQuery::Execute(this=0x7460c8, connection=0x77fa98)
[11:40:27] [INFO] query "select * from banips order by ip asc" successfully executed within 0.229 milliseconds
[11:40:27] [DEBUG] CResultSet::Create(connection=0x77fa98, query_str='select * from banips order by ip asc')
[11:40:27] [DEBUG] created new resultset '0x77e478'
[11:40:27] [DEBUG] fetched MySQL result '0x77f7e0'
[11:40:27] [DEBUG] allocated 0 bytes for PAWN result
[11:40:27] [DEBUG] CHandle::Execute - return value: true
[11:40:27] [DEBUG] mysql_query: return value: '3' (d:\Project\Servers\SA-MP Server\samp-server\gamemodes\gamemode.pwn:264 -> d:\Project\Servers\SA-MP Server\samp-server\gamemodes\gamemode.pwn:600 -> D:\Project\Servers\SA-MP Server\samp-server\pawno\include\YSI_Coding\y_va\..\..\YSI_Core\y_core\..\..\indirection\indirection.inc:1033)
[11:40:27] [DEBUG] cache_get_row_count(0x0411D1EC) (d:\Project\Servers\SA-MP Server\samp-server\gamemodes\gamemode.pwn:265 -> d:\Project\Servers\SA-MP Server\samp-server\gamemodes\gamemode.pwn:600 -> D:\Project\Servers\SA-MP Server\samp-server\pawno\include\YSI_Coding\y_va\..\..\YSI_Core\y_core\..\..\indirection\indirection.inc:1033)
[11:40:27] [DEBUG] cache_get_row_count: return value: '1' (d:\Project\Servers\SA-MP Server\samp-server\gamemodes\gamemode.pwn:265 -> d:\Project\Servers\SA-MP Server\samp-server\gamemodes\gamemode.pwn:600 -> D:\Project\Servers\SA-MP Server\samp-server\pawno\include\YSI_Coding\y_va\..\..\YSI_Core\y_core\..\..\indirection\indirection.inc:1033)
[11:40:27] [DEBUG] mysql_query(1, "select * from admins order by username asc", 1) (d:\Project\Servers\SA-MP Server\samp-server\gamemodes\gamemode.pwn:269 -> d:\Project\Servers\SA-MP Server\samp-server\gamemodes\gamemode.pwn:600 -> D:\Project\Servers\SA-MP Server\samp-server\pawno\include\YSI_Coding\y_va\..\..\YSI_Core\y_core\..\..\indirection\indirection.inc:1033)
[11:40:27] [DEBUG] CHandle::Execute(this=0x726d98, type=3, query=0x745f98)
[11:40:27] [DEBUG] CConnection::Execute(query=0x745f98, this=0x75ec98, connection=0x77fa98)
[11:40:27] [DEBUG] CQuery::Execute(this=0x745f98, connection=0x77fa98)
[11:40:27] [INFO] query "select * from admins order by username asc" successfully executed within 0.201 milliseconds
[11:40:27] [DEBUG] CResultSet::Create(connection=0x77fa98, query_str='select * from admins order by username asc')
[11:40:27] [DEBUG] created new resultset '0x7e4a18'
[11:40:27] [DEBUG] fetched MySQL result '0x77f7e0'
[11:40:27] [DEBUG] allocated 0 bytes for PAWN result
[11:40:27] [DEBUG] CHandle::Execute - return value: true
[11:40:27] [DEBUG] mysql_query: return value: '4' (d:\Project\Servers\SA-MP Server\samp-server\gamemodes\gamemode.pwn:269 -> d:\Project\Servers\SA-MP Server\samp-server\gamemodes\gamemode.pwn:600 -> D:\Project\Servers\SA-MP Server\samp-server\pawno\include\YSI_Coding\y_va\..\..\YSI_Core\y_core\..\..\indirection\indirection.inc:1033)
[11:40:27] [DEBUG] cache_get_row_count(0x0411D1EC) (d:\Project\Servers\SA-MP Server\samp-server\gamemodes\gamemode.pwn:270 -> d:\Project\Servers\SA-MP Server\samp-server\gamemodes\gamemode.pwn:600 -> D:\Project\Servers\SA-MP Server\samp-server\pawno\include\YSI_Coding\y_va\..\..\YSI_Core\y_core\..\..\indirection\indirection.inc:1033)
[11:40:27] [DEBUG] cache_get_row_count: return value: '1' (d:\Project\Servers\SA-MP Server\samp-server\gamemodes\gamemode.pwn:270 -> d:\Project\Servers\SA-MP Server\samp-server\gamemodes\gamemode.pwn:600 -> D:\Project\Servers\SA-MP Server\samp-server\pawno\include\YSI_Coding\y_va\..\..\YSI_Core\y_core\..\..\indirection\indirection.inc:1033)
[11:40:27] [DEBUG] mysql_format(1, 0x0411CFD8, 128, "select * from commands order by cmd asc") (d:\Project\Servers\SA-MP Server\samp-server\gamemodes\gamemode.pwn:288 -> d:\Project\Servers\SA-MP Server\samp-server\gamemodes\gamemode.pwn:275 -> d:\Project\Servers\SA-MP Server\samp-server\gamemodes\gamemode.pwn:600 -> D:\Project\Servers\SA-MP Server\samp-server\pawno\include\YSI_Coding\y_va\..\..\YSI_Core\y_core\..\..\indirection\indirection.inc:1033)
[11:40:27] [DEBUG] mysql_format: return value: '39' (d:\Project\Servers\SA-MP Server\samp-server\gamemodes\gamemode.pwn:288 -> d:\Project\Servers\SA-MP Server\samp-server\gamemodes\gamemode.pwn:275 -> d:\Project\Servers\SA-MP Server\samp-server\gamemodes\gamemode.pwn:600 -> D:\Project\Servers\SA-MP Server\samp-server\pawno\include\YSI_Coding\y_va\..\..\YSI_Core\y_core\..\..\indirection\indirection.inc:1033)
[11:40:27] [DEBUG] mysql_query(1, "select * from commands order by cmd asc", 1) (d:\Project\Servers\SA-MP Server\samp-server\gamemodes\gamemode.pwn:289 -> d:\Project\Servers\SA-MP Server\samp-server\gamemodes\gamemode.pwn:275 -> d:\Project\Servers\SA-MP Server\samp-server\gamemodes\gamemode.pwn:600 -> D:\Project\Servers\SA-MP Server\samp-server\pawno\include\YSI_Coding\y_va\..\..\YSI_Core\y_core\..\..\indirection\indirection.inc:1033)
[11:40:27] [DEBUG] CHandle::Execute(this=0x726d98, type=3, query=0x7464f0)
[11:40:27] [DEBUG] CConnection::Execute(query=0x7464f0, this=0x75ec98, connection=0x77fa98)
[11:40:27] [DEBUG] CQuery::Execute(this=0x7464f0, connection=0x77fa98)
[11:40:27] [INFO] query "select * from commands order by cmd asc" successfully executed within 0.188 milliseconds
[11:40:27] [DEBUG] CResultSet::Create(connection=0x77fa98, query_str='select * from commands order by cmd asc')
[11:40:27] [DEBUG] created new resultset '0x7e4fc8'
[11:40:27] [DEBUG] fetched MySQL result '0x77f7e0'
[11:40:27] [DEBUG] allocated 0 bytes for PAWN result
[11:40:27] [DEBUG] CHandle::Execute - return value: true
[11:40:27] [DEBUG] mysql_query: return value: '5' (d:\Project\Servers\SA-MP Server\samp-server\gamemodes\gamemode.pwn:289 -> d:\Project\Servers\SA-MP Server\samp-server\gamemodes\gamemode.pwn:275 -> d:\Project\Servers\SA-MP Server\samp-server\gamemodes\gamemode.pwn:600 -> D:\Project\Servers\SA-MP Server\samp-server\pawno\include\YSI_Coding\y_va\..\..\YSI_Core\y_core\..\..\indirection\indirection.inc:1033)
[11:40:27] [DEBUG] cache_get_row_count(0x0411D1D8) (d:\Project\Servers\SA-MP Server\samp-server\gamemodes\gamemode.pwn:290 -> d:\Project\Servers\SA-MP Server\samp-server\gamemodes\gamemode.pwn:275 -> d:\Project\Servers\SA-MP Server\samp-server\gamemodes\gamemode.pwn:600 -> D:\Project\Servers\SA-MP Server\samp-server\pawno\include\YSI_Coding\y_va\..\..\YSI_Core\y_core\..\..\indirection\indirection.inc:1033)
[11:40:27] [DEBUG] cache_get_row_count: return value: '1' (d:\Project\Servers\SA-MP Server\samp-server\gamemodes\gamemode.pwn:290 -> d:\Project\Servers\SA-MP Server\samp-server\gamemodes\gamemode.pwn:275 -> d:\Project\Servers\SA-MP Server\samp-server\gamemodes\gamemode.pwn:600 -> D:\Project\Servers\SA-MP Server\samp-server\pawno\include\YSI_Coding\y_va\..\..\YSI_Core\y_core\..\..\indirection\indirection.inc:1033)
[11:40:27] [DEBUG] cache_delete(5) (d:\Project\Servers\SA-MP Server\samp-server\gamemodes\gamemode.pwn:302 -> d:\Project\Servers\SA-MP Server\samp-server\gamemodes\gamemode.pwn:275 -> d:\Project\Servers\SA-MP Server\samp-server\gamemodes\gamemode.pwn:600 -> D:\Project\Servers\SA-MP Server\samp-server\pawno\include\YSI_Coding\y_va\..\..\YSI_Core\y_core\..\..\indirection\indirection.inc:1033)
[11:40:27] [DEBUG] cache_delete: return value: '1' (d:\Project\Servers\SA-MP Server\samp-server\gamemodes\gamemode.pwn:302 -> d:\Project\Servers\SA-MP Server\samp-server\gamemodes\gamemode.pwn:275 -> d:\Project\Servers\SA-MP Server\samp-server\gamemodes\gamemode.pwn:600 -> D:\Project\Servers\SA-MP Server\samp-server\pawno\include\YSI_Coding\y_va\..\..\YSI_Core\y_core\..\..\indirection\indirection.inc:1033)
[11:40:27] [DEBUG] mysql_query(1, "select * from commands order by cmd asc", 1) (d:\Project\Servers\SA-MP Server\samp-server\gamemodes\gamemode.pwn:275 -> d:\Project\Servers\SA-MP Server\samp-server\gamemodes\gamemode.pwn:600 -> D:\Project\Servers\SA-MP Server\samp-server\pawno\include\YSI_Coding\y_va\..\..\YSI_Core\y_core\..\..\indirection\indirection.inc:1033)
[11:40:27] [DEBUG] CHandle::Execute(this=0x726d98, type=3, query=0x746458)
[11:40:27] [DEBUG] CConnection::Execute(query=0x746458, this=0x75ec98, connection=0x77fa98)
[11:40:27] [DEBUG] CQuery::Execute(this=0x746458, connection=0x77fa98)
[11:40:27] [INFO] query "select * from commands order by cmd asc" successfully executed within 0.184 milliseconds
[11:40:27] [DEBUG] CResultSet::Create(connection=0x77fa98, query_str='select * from commands order by cmd asc')
[11:40:27] [DEBUG] created new resultset '0x7e4b68'
[11:40:27] [DEBUG] fetched MySQL result '0x77f7e0'
[11:40:27] [DEBUG] allocated 0 bytes for PAWN result
[11:40:27] [DEBUG] CHandle::Execute - return value: true
[11:40:27] [DEBUG] mysql_query: return value: '5' (d:\Project\Servers\SA-MP Server\samp-server\gamemodes\gamemode.pwn:275 -> d:\Project\Servers\SA-MP Server\samp-server\gamemodes\gamemode.pwn:600 -> D:\Project\Servers\SA-MP Server\samp-server\pawno\include\YSI_Coding\y_va\..\..\YSI_Core\y_core\..\..\indirection\indirection.inc:1033)
[11:40:27] [DEBUG] cache_get_row_count(0x0411D1EC) (d:\Project\Servers\SA-MP Server\samp-server\gamemodes\gamemode.pwn:276 -> d:\Project\Servers\SA-MP Server\samp-server\gamemodes\gamemode.pwn:600 -> D:\Project\Servers\SA-MP Server\samp-server\pawno\include\YSI_Coding\y_va\..\..\YSI_Core\y_core\..\..\indirection\indirection.inc:1033)
[11:40:27] [DEBUG] cache_get_row_count: return value: '1' (d:\Project\Servers\SA-MP Server\samp-server\gamemodes\gamemode.pwn:276 -> d:\Project\Servers\SA-MP Server\samp-server\gamemodes\gamemode.pwn:600 -> D:\Project\Servers\SA-MP Server\samp-server\pawno\include\YSI_Coding\y_va\..\..\YSI_Core\y_core\..\..\indirection\indirection.inc:1033)
[11:40:27] [DEBUG] cache_delete(5) (d:\Project\Servers\SA-MP Server\samp-server\gamemodes\gamemode.pwn:281 -> d:\Project\Servers\SA-MP Server\samp-server\gamemodes\gamemode.pwn:600 -> D:\Project\Servers\SA-MP Server\samp-server\pawno\include\YSI_Coding\y_va\..\..\YSI_Core\y_core\..\..\indirection\indirection.inc:1033)
[11:40:27] [DEBUG] cache_delete: return value: '1' (d:\Project\Servers\SA-MP Server\samp-server\gamemodes\gamemode.pwn:281 -> d:\Project\Servers\SA-MP Server\samp-server\gamemodes\gamemode.pwn:600 -> D:\Project\Servers\SA-MP Server\samp-server\pawno\include\YSI_Coding\y_va\..\..\YSI_Core\y_core\..\..\indirection\indirection.inc:1033)
[11:40:48] [INFO] changed log level from 'warning, error' to 'debug, info, warning, error'
[11:40:48] [DEBUG] mysql_connect_file("mysql.ini") (d:\Project\Servers\SA-MP Server\samp-server\gamemodes\gamemode.pwn:592 -> D:\Project\Servers\SA-MP Server\samp-server\pawno\include\YSI_Coding\y_va\..\..\YSI_Core\y_core\..\..\indirection\indirection.inc:1033)
[11:40:48] [DEBUG] CHandleManager::CreateFromFile(this=0x71b430, file_path='mysql.ini')
[11:40:48] [INFO] Options instance with id '1' successfully created.
[11:40:48] [DEBUG] CHandleManager::CreateFromFile - new options = 0x72dd18 (id '1')
[11:40:48] [DEBUG] CHandleManager::Create(this=0x71b430, host='localhost', user='root', pass='****', db='sampserver', options=0x72dd18)
[11:40:48] [INFO] Creating new connection handle...
[11:40:48] [WARNING] mysql_connect_file: no password specified (d:\Project\Servers\SA-MP Server\samp-server\gamemodes\gamemode.pwn:592 -> D:\Project\Servers\SA-MP Server\samp-server\pawno\include\YSI_Coding\y_va\..\..\YSI_Core\y_core\..\..\indirection\indirection.inc:1033)
[11:40:48] [DEBUG] CConnection::CConnection(this=0x715850, host='localhost', user='root', passw='****', db='sampserver', options=0x72dd18)
[11:40:48] [DEBUG] CConnection::CConnection - new connection = 0x6e35e8
[11:40:48] [DEBUG] CConnection::CConnection(this=0x416b020, host='localhost', user='root', passw='****', db='sampserver', options=0x72dd18)
[11:40:48] [DEBUG] CConnection::CConnection - new connection = 0x76ca98
[11:40:48] [DEBUG] CThreadedConnection::WorkerFunc(this=0x416b020, connection=0x416b020)
[11:40:48] [DEBUG] CThreadedConnection::CThreadedConnection(this=0x416b020, connection=0x416b020)
[11:40:48] [DEBUG] CConnectionPool::CConnectionPool(size=2, this=0x715a10)
[11:40:48] [DEBUG] CConnection::CConnection(this=0x42f4020, host='localhost', user='root', passw='****', db='sampserver', options=0x72dd18)
[11:40:48] [DEBUG] CConnection::CConnection - new connection = 0x778750
[11:40:48] [DEBUG] CThreadedConnection::WorkerFunc(this=0x42f4020, connection=0x42f4020)
[11:40:48] [DEBUG] CThreadedConnection::CThreadedConnection(this=0x42f4020, connection=0x42f4020)
[11:40:48] [DEBUG] CConnection::CConnection(this=0x44c5020, host='localhost', user='root', passw='****', db='sampserver', options=0x72dd18)
[11:40:48] [DEBUG] CConnection::CConnection - new connection = 0x7855c8
[11:40:48] [DEBUG] CThreadedConnection::WorkerFunc(this=0x44c5020, connection=0x44c5020)
[11:40:48] [DEBUG] CThreadedConnection::CThreadedConnection(this=0x44c5020, connection=0x44c5020)
[11:40:48] [INFO] Connection handle with id '1' successfully created.
[11:40:48] [DEBUG] CHandleManager::Create - new handle = 0x6e7118
[11:40:48] [DEBUG] mysql_connect_file: return value: '1' (d:\Project\Servers\SA-MP Server\samp-server\gamemodes\gamemode.pwn:592 -> D:\Project\Servers\SA-MP Server\samp-server\pawno\include\YSI_Coding\y_va\..\..\YSI_Core\y_core\..\..\indirection\indirection.inc:1033)
[11:40:48] [DEBUG] mysql_errno(1) (d:\Project\Servers\SA-MP Server\samp-server\gamemodes\gamemode.pwn:594 -> D:\Project\Servers\SA-MP Server\samp-server\pawno\include\YSI_Coding\y_va\..\..\YSI_Core\y_core\..\..\indirection\indirection.inc:1033)
[11:40:48] [DEBUG] CHandle::GetErrorId(this=0x6e7118)
[11:40:48] [DEBUG] CConnection::GetError(this=0x715850, connection=0x6e35e8)
[11:40:48] [DEBUG] CHandle::GetErrorId - return value: true, error id: '0', error msg: ''
[11:40:48] [DEBUG] mysql_errno: return value: '0' (d:\Project\Servers\SA-MP Server\samp-server\gamemodes\gamemode.pwn:594 -> D:\Project\Servers\SA-MP Server\samp-server\pawno\include\YSI_Coding\y_va\..\..\YSI_Core\y_core\..\..\indirection\indirection.inc:1033)
[11:40:48] [DEBUG] mysql_query(1, "select * from users order by id asc", 1) (d:\Project\Servers\SA-MP Server\samp-server\gamemodes\gamemode.pwn:254 -> d:\Project\Servers\SA-MP Server\samp-server\gamemodes\gamemode.pwn:600 -> D:\Project\Servers\SA-MP Server\samp-server\pawno\include\YSI_Coding\y_va\..\..\YSI_Core\y_core\..\..\indirection\indirection.inc:1033)
[11:40:48] [DEBUG] CHandle::Execute(this=0x6e7118, type=3, query=0x780938)
[11:40:48] [DEBUG] CConnection::Execute(query=0x780938, this=0x715850, connection=0x6e35e8)
[11:40:48] [DEBUG] CQuery::Execute(this=0x780938, connection=0x6e35e8)
[11:40:48] [INFO] query "select * from users order by id asc" successfully executed within 0.393 milliseconds
[11:40:48] [DEBUG] CResultSet::Create(connection=0x6e35e8, query_str='select * from users order by id asc')
[11:40:48] [DEBUG] created new resultset '0x7382e0'
[11:40:48] [DEBUG] fetched MySQL result '0x7255b0'
[11:40:48] [DEBUG] allocated 0 bytes for PAWN result
[11:40:48] [DEBUG] CHandle::Execute - return value: true
[11:40:48] [DEBUG] mysql_query: return value: '1' (d:\Project\Servers\SA-MP Server\samp-server\gamemodes\gamemode.pwn:254 -> d:\Project\Servers\SA-MP Server\samp-server\gamemodes\gamemode.pwn:600 -> D:\Project\Servers\SA-MP Server\samp-server\pawno\include\YSI_Coding\y_va\..\..\YSI_Core\y_core\..\..\indirection\indirection.inc:1033)
[11:40:48] [DEBUG] cache_get_row_count(0x0404F1EC) (d:\Project\Servers\SA-MP Server\samp-server\gamemodes\gamemode.pwn:255 -> d:\Project\Servers\SA-MP Server\samp-server\gamemodes\gamemode.pwn:600 -> D:\Project\Servers\SA-MP Server\samp-server\pawno\include\YSI_Coding\y_va\..\..\YSI_Core\y_core\..\..\indirection\indirection.inc:1033)
[11:40:48] [DEBUG] cache_get_row_count: return value: '1' (d:\Project\Servers\SA-MP Server\samp-server\gamemodes\gamemode.pwn:255 -> d:\Project\Servers\SA-MP Server\samp-server\gamemodes\gamemode.pwn:600 -> D:\Project\Servers\SA-MP Server\samp-server\pawno\include\YSI_Coding\y_va\..\..\YSI_Core\y_core\..\..\indirection\indirection.inc:1033)
[11:40:48] [DEBUG] mysql_query(1, "select * from bans order by username asc", 1) (d:\Project\Servers\SA-MP Server\samp-server\gamemodes\gamemode.pwn:259 -> d:\Project\Servers\SA-MP Server\samp-server\gamemodes\gamemode.pwn:600 -> D:\Project\Servers\SA-MP Server\samp-server\pawno\include\YSI_Coding\y_va\..\..\YSI_Core\y_core\..\..\indirection\indirection.inc:1033)
[11:40:48] [DEBUG] CHandle::Execute(this=0x6e7118, type=3, query=0x780640)
[11:40:48] [DEBUG] CConnection::Execute(query=0x780640, this=0x715850, connection=0x6e35e8)
[11:40:48] [DEBUG] CQuery::Execute(this=0x780640, connection=0x6e35e8)
[11:40:48] [INFO] query "select * from bans order by username asc" successfully executed within 0.287 milliseconds
[11:40:48] [DEBUG] CResultSet::Create(connection=0x6e35e8, query_str='select * from bans order by username asc')
[11:40:48] [DEBUG] created new resultset '0x738190'
[11:40:48] [DEBUG] fetched MySQL result '0x72e2f8'
[11:40:48] [DEBUG] allocated 0 bytes for PAWN result
[11:40:48] [DEBUG] CHandle::Execute - return value: true
[11:40:48] [DEBUG] mysql_query: return value: '2' (d:\Project\Servers\SA-MP Server\samp-server\gamemodes\gamemode.pwn:259 -> d:\Project\Servers\SA-MP Server\samp-server\gamemodes\gamemode.pwn:600 -> D:\Project\Servers\SA-MP Server\samp-server\pawno\include\YSI_Coding\y_va\..\..\YSI_Core\y_core\..\..\indirection\indirection.inc:1033)
[11:40:48] [DEBUG] cache_get_row_count(0x0404F1EC) (d:\Project\Servers\SA-MP Server\samp-server\gamemodes\gamemode.pwn:260 -> d:\Project\Servers\SA-MP Server\samp-server\gamemodes\gamemode.pwn:600 -> D:\Project\Servers\SA-MP Server\samp-server\pawno\include\YSI_Coding\y_va\..\..\YSI_Core\y_core\..\..\indirection\indirection.inc:1033)
[11:40:48] [DEBUG] cache_get_row_count: return value: '1' (d:\Project\Servers\SA-MP Server\samp-server\gamemodes\gamemode.pwn:260 -> d:\Project\Servers\SA-MP Server\samp-server\gamemodes\gamemode.pwn:600 -> D:\Project\Servers\SA-MP Server\samp-server\pawno\include\YSI_Coding\y_va\..\..\YSI_Core\y_core\..\..\indirection\indirection.inc:1033)
[11:40:48] [DEBUG] mysql_query(1, "select * from banips order by ip asc", 1) (d:\Project\Servers\SA-MP Server\samp-server\gamemodes\gamemode.pwn:264 -> d:\Project\Servers\SA-MP Server\samp-server\gamemodes\gamemode.pwn:600 -> D:\Project\Servers\SA-MP Server\samp-server\pawno\include\YSI_Coding\y_va\..\..\YSI_Core\y_core\..\..\indirection\indirection.inc:1033)
[11:40:48] [DEBUG] CHandle::Execute(this=0x6e7118, type=3, query=0x77ff20)
[11:40:48] [DEBUG] CConnection::Execute(query=0x77ff20, this=0x715850, connection=0x6e35e8)
[11:40:48] [DEBUG] CQuery::Execute(this=0x77ff20, connection=0x6e35e8)
[11:40:48] [INFO] query "select * from banips order by ip asc" successfully executed within 0.260 milliseconds
[11:40:48] [DEBUG] CResultSet::Create(connection=0x6e35e8, query_str='select * from banips order by ip asc')
[11:40:48] [DEBUG] created new resultset '0x737f98'
[11:40:48] [DEBUG] fetched MySQL result '0x72e2f8'
[11:40:48] [DEBUG] allocated 0 bytes for PAWN result
[11:40:48] [DEBUG] CHandle::Execute - return value: true
[11:40:48] [DEBUG] mysql_query: return value: '3' (d:\Project\Servers\SA-MP Server\samp-server\gamemodes\gamemode.pwn:264 -> d:\Project\Servers\SA-MP Server\samp-server\gamemodes\gamemode.pwn:600 -> D:\Project\Servers\SA-MP Server\samp-server\pawno\include\YSI_Coding\y_va\..\..\YSI_Core\y_core\..\..\indirection\indirection.inc:1033)
[11:40:48] [DEBUG] cache_get_row_count(0x0404F1EC) (d:\Project\Servers\SA-MP Server\samp-server\gamemodes\gamemode.pwn:265 -> d:\Project\Servers\SA-MP Server\samp-server\gamemodes\gamemode.pwn:600 -> D:\Project\Servers\SA-MP Server\samp-server\pawno\include\YSI_Coding\y_va\..\..\YSI_Core\y_core\..\..\indirection\indirection.inc:1033)
[11:40:48] [DEBUG] cache_get_row_count: return value: '1' (d:\Project\Servers\SA-MP Server\samp-server\gamemodes\gamemode.pwn:265 -> d:\Project\Servers\SA-MP Server\samp-server\gamemodes\gamemode.pwn:600 -> D:\Project\Servers\SA-MP Server\samp-server\pawno\include\YSI_Coding\y_va\..\..\YSI_Core\y_core\..\..\indirection\indirection.inc:1033)
[11:40:48] [DEBUG] mysql_query(1, "select * from admins order by username asc", 1) (d:\Project\Servers\SA-MP Server\samp-server\gamemodes\gamemode.pwn:269 -> d:\Project\Servers\SA-MP Server\samp-server\gamemodes\gamemode.pwn:600 -> D:\Project\Servers\SA-MP Server\samp-server\pawno\include\YSI_Coding\y_va\..\..\YSI_Core\y_core\..\..\indirection\indirection.inc:1033)
[11:40:48] [DEBUG] CHandle::Execute(this=0x6e7118, type=3, query=0x7805a8)
[11:40:48] [DEBUG] CConnection::Execute(query=0x7805a8, this=0x715850, connection=0x6e35e8)
[11:40:48] [DEBUG] CQuery::Execute(this=0x7805a8, connection=0x6e35e8)
[11:40:48] [INFO] query "select * from admins order by username asc" successfully executed within 0.754 milliseconds
[11:40:48] [DEBUG] CResultSet::Create(connection=0x6e35e8, query_str='select * from admins order by username asc')
[11:40:48] [DEBUG] created new resultset '0x738928'
[11:40:48] [DEBUG] fetched MySQL result '0x72e2f8'
[11:40:48] [DEBUG] allocated 0 bytes for PAWN result
[11:40:48] [DEBUG] CHandle::Execute - return value: true
[11:40:48] [DEBUG] mysql_query: return value: '4' (d:\Project\Servers\SA-MP Server\samp-server\gamemodes\gamemode.pwn:269 -> d:\Project\Servers\SA-MP Server\samp-server\gamemodes\gamemode.pwn:600 -> D:\Project\Servers\SA-MP Server\samp-server\pawno\include\YSI_Coding\y_va\..\..\YSI_Core\y_core\..\..\indirection\indirection.inc:1033)
[11:40:48] [DEBUG] cache_get_row_count(0x0404F1EC) (d:\Project\Servers\SA-MP Server\samp-server\gamemodes\gamemode.pwn:270 -> d:\Project\Servers\SA-MP Server\samp-server\gamemodes\gamemode.pwn:600 -> D:\Project\Servers\SA-MP Server\samp-server\pawno\include\YSI_Coding\y_va\..\..\YSI_Core\y_core\..\..\indirection\indirection.inc:1033)
[11:40:48] [DEBUG] cache_get_row_count: return value: '1' (d:\Project\Servers\SA-MP Server\samp-server\gamemodes\gamemode.pwn:270 -> d:\Project\Servers\SA-MP Server\samp-server\gamemodes\gamemode.pwn:600 -> D:\Project\Servers\SA-MP Server\samp-server\pawno\include\YSI_Coding\y_va\..\..\YSI_Core\y_core\..\..\indirection\indirection.inc:1033)
[11:40:48] [DEBUG] mysql_format(1, 0x0404EFD8, 128, "select * from commands order by cmd asc") (d:\Project\Servers\SA-MP Server\samp-server\gamemodes\gamemode.pwn:288 -> d:\Project\Servers\SA-MP Server\samp-server\gamemodes\gamemode.pwn:275 -> d:\Project\Servers\SA-MP Server\samp-server\gamemodes\gamemode.pwn:600 -> D:\Project\Servers\SA-MP Server\samp-server\pawno\include\YSI_Coding\y_va\..\..\YSI_Core\y_core\..\..\indirection\indirection.inc:1033)
[11:40:48] [DEBUG] mysql_format: return value: '39' (d:\Project\Servers\SA-MP Server\samp-server\gamemodes\gamemode.pwn:288 -> d:\Project\Servers\SA-MP Server\samp-server\gamemodes\gamemode.pwn:275 -> d:\Project\Servers\SA-MP Server\samp-server\gamemodes\gamemode.pwn:600 -> D:\Project\Servers\SA-MP Server\samp-server\pawno\include\YSI_Coding\y_va\..\..\YSI_Core\y_core\..\..\indirection\indirection.inc:1033)
[11:40:48] [DEBUG] mysql_query(1, "select * from commands order by cmd asc", 1) (d:\Project\Servers\SA-MP Server\samp-server\gamemodes\gamemode.pwn:289 -> d:\Project\Servers\SA-MP Server\samp-server\gamemodes\gamemode.pwn:275 -> d:\Project\Servers\SA-MP Server\samp-server\gamemodes\gamemode.pwn:600 -> D:\Project\Servers\SA-MP Server\samp-server\pawno\include\YSI_Coding\y_va\..\..\YSI_Core\y_core\..\..\indirection\indirection.inc:1033)
[11:40:48] [DEBUG] CHandle::Execute(this=0x6e7118, type=3, query=0x780050)
[11:40:48] [DEBUG] CConnection::Execute(query=0x780050, this=0x715850, connection=0x6e35e8)
[11:40:48] [DEBUG] CQuery::Execute(this=0x780050, connection=0x6e35e8)
[11:40:48] [INFO] query "select * from commands order by cmd asc" successfully executed within 0.454 milliseconds
[11:40:48] [DEBUG] CResultSet::Create(connection=0x6e35e8, query_str='select * from commands order by cmd asc')
[11:40:48] [DEBUG] created new resultset '0x738960'
[11:40:48] [DEBUG] fetched MySQL result '0x72e2f8'
[11:40:48] [DEBUG] allocated 0 bytes for PAWN result
[11:40:48] [DEBUG] CHandle::Execute - return value: true
[11:40:48] [DEBUG] mysql_query: return value: '5' (d:\Project\Servers\SA-MP Server\samp-server\gamemodes\gamemode.pwn:289 -> d:\Project\Servers\SA-MP Server\samp-server\gamemodes\gamemode.pwn:275 -> d:\Project\Servers\SA-MP Server\samp-server\gamemodes\gamemode.pwn:600 -> D:\Project\Servers\SA-MP Server\samp-server\pawno\include\YSI_Coding\y_va\..\..\YSI_Core\y_core\..\..\indirection\indirection.inc:1033)
[11:40:48] [DEBUG] cache_get_row_count(0x0404F1D8) (d:\Project\Servers\SA-MP Server\samp-server\gamemodes\gamemode.pwn:290 -> d:\Project\Servers\SA-MP Server\samp-server\gamemodes\gamemode.pwn:275 -> d:\Project\Servers\SA-MP Server\samp-server\gamemodes\gamemode.pwn:600 -> D:\Project\Servers\SA-MP Server\samp-server\pawno\include\YSI_Coding\y_va\..\..\YSI_Core\y_core\..\..\indirection\indirection.inc:1033)
[11:40:48] [DEBUG] cache_get_row_count: return value: '1' (d:\Project\Servers\SA-MP Server\samp-server\gamemodes\gamemode.pwn:290 -> d:\Project\Servers\SA-MP Server\samp-server\gamemodes\gamemode.pwn:275 -> d:\Project\Servers\SA-MP Server\samp-server\gamemodes\gamemode.pwn:600 -> D:\Project\Servers\SA-MP Server\samp-server\pawno\include\YSI_Coding\y_va\..\..\YSI_Core\y_core\..\..\indirection\indirection.inc:1033)
[11:40:48] [DEBUG] cache_delete(5) (d:\Project\Servers\SA-MP Server\samp-server\gamemodes\gamemode.pwn:302 -> d:\Project\Servers\SA-MP Server\samp-server\gamemodes\gamemode.pwn:275 -> d:\Project\Servers\SA-MP Server\samp-server\gamemodes\gamemode.pwn:600 -> D:\Project\Servers\SA-MP Server\samp-server\pawno\include\YSI_Coding\y_va\..\..\YSI_Core\y_core\..\..\indirection\indirection.inc:1033)
[11:40:48] [DEBUG] cache_delete: return value: '1' (d:\Project\Servers\SA-MP Server\samp-server\gamemodes\gamemode.pwn:302 -> d:\Project\Servers\SA-MP Server\samp-server\gamemodes\gamemode.pwn:275 -> d:\Project\Servers\SA-MP Server\samp-server\gamemodes\gamemode.pwn:600 -> D:\Project\Servers\SA-MP Server\samp-server\pawno\include\YSI_Coding\y_va\..\..\YSI_Core\y_core\..\..\indirection\indirection.inc:1033)
[11:40:48] [DEBUG] mysql_query(1, "select * from commands order by cmd asc", 1) (d:\Project\Servers\SA-MP Server\samp-server\gamemodes\gamemode.pwn:275 -> d:\Project\Servers\SA-MP Server\samp-server\gamemodes\gamemode.pwn:600 -> D:\Project\Servers\SA-MP Server\samp-server\pawno\include\YSI_Coding\y_va\..\..\YSI_Core\y_core\..\..\indirection\indirection.inc:1033)
[11:40:48] [DEBUG] CHandle::Execute(this=0x6e7118, type=3, query=0x77fdf0)
[11:40:48] [DEBUG] CConnection::Execute(query=0x77fdf0, this=0x715850, connection=0x6e35e8)
[11:40:48] [DEBUG] CQuery::Execute(this=0x77fdf0, connection=0x6e35e8)
[11:40:48] [INFO] query "select * from commands order by cmd asc" successfully executed within 0.256 milliseconds
[11:40:48] [DEBUG] CResultSet::Create(connection=0x6e35e8, query_str='select * from commands order by cmd asc')
[11:40:48] [DEBUG] created new resultset '0x738960'
[11:40:48] [DEBUG] fetched MySQL result '0x72e2f8'
[11:40:48] [DEBUG] allocated 0 bytes for PAWN result
[11:40:48] [DEBUG] CHandle::Execute - return value: true
[11:40:48] [DEBUG] mysql_query: return value: '5' (d:\Project\Servers\SA-MP Server\samp-server\gamemodes\gamemode.pwn:275 -> d:\Project\Servers\SA-MP Server\samp-server\gamemodes\gamemode.pwn:600 -> D:\Project\Servers\SA-MP Server\samp-server\pawno\include\YSI_Coding\y_va\..\..\YSI_Core\y_core\..\..\indirection\indirection.inc:1033)
[11:40:48] [DEBUG] cache_get_row_count(0x0404F1EC) (d:\Project\Servers\SA-MP Server\samp-server\gamemodes\gamemode.pwn:276 -> d:\Project\Servers\SA-MP Server\samp-server\gamemodes\gamemode.pwn:600 -> D:\Project\Servers\SA-MP Server\samp-server\pawno\include\YSI_Coding\y_va\..\..\YSI_Core\y_core\..\..\indirection\indirection.inc:1033)
[11:40:48] [DEBUG] cache_get_row_count: return value: '1' (d:\Project\Servers\SA-MP Server\samp-server\gamemodes\gamemode.pwn:276 -> d:\Project\Servers\SA-MP Server\samp-server\gamemodes\gamemode.pwn:600 -> D:\Project\Servers\SA-MP Server\samp-server\pawno\include\YSI_Coding\y_va\..\..\YSI_Core\y_core\..\..\indirection\indirection.inc:1033)
[11:40:48] [DEBUG] cache_delete(5) (d:\Project\Servers\SA-MP Server\samp-server\gamemodes\gamemode.pwn:281 -> d:\Project\Servers\SA-MP Server\samp-server\gamemodes\gamemode.pwn:600 -> D:\Project\Servers\SA-MP Server\samp-server\pawno\include\YSI_Coding\y_va\..\..\YSI_Core\y_core\..\..\indirection\indirection.inc:1033)
[11:40:48] [DEBUG] cache_delete: return value: '1' (d:\Project\Servers\SA-MP Server\samp-server\gamemodes\gamemode.pwn:281 -> d:\Project\Servers\SA-MP Server\samp-server\gamemodes\gamemode.pwn:600 -> D:\Project\Servers\SA-MP Server\samp-server\pawno\include\YSI_Coding\y_va\..\..\YSI_Core\y_core\..\..\indirection\indirection.inc:1033)
[11:43:20] [INFO] changed log level from 'warning, error' to 'debug, info, warning, error'
[11:43:20] [DEBUG] mysql_connect_file("mysql.ini") (d:\Project\Servers\SA-MP Server\samp-server\gamemodes\gamemode.pwn:592 -> D:\Project\Servers\SA-MP Server\samp-server\pawno\include\YSI_Coding\y_va\..\..\YSI_Core\y_core\..\..\indirection\indirection.inc:1033)
[11:43:20] [DEBUG] CHandleManager::CreateFromFile(this=0x818a78, file_path='mysql.ini')
[11:43:20] [INFO] Options instance with id '1' successfully created.
[11:43:20] [DEBUG] CHandleManager::CreateFromFile - new options = 0x7f4680 (id '1')
[11:43:20] [DEBUG] CHandleManager::Create(this=0x818a78, host='localhost', user='root', pass='****', db='sampserver', options=0x7f4680)
[11:43:20] [INFO] Creating new connection handle...
[11:43:20] [WARNING] mysql_connect_file: no password specified (d:\Project\Servers\SA-MP Server\samp-server\gamemodes\gamemode.pwn:592 -> D:\Project\Servers\SA-MP Server\samp-server\pawno\include\YSI_Coding\y_va\..\..\YSI_Core\y_core\..\..\indirection\indirection.inc:1033)
[11:43:20] [DEBUG] CConnection::CConnection(this=0x807cc8, host='localhost', user='root', passw='****', db='sampserver', options=0x7f4680)
[11:43:20] [DEBUG] CConnection::CConnection - new connection = 0x82b4b0
[11:43:20] [DEBUG] CConnection::CConnection(this=0x4233020, host='localhost', user='root', passw='****', db='sampserver', options=0x7f4680)
[11:43:20] [DEBUG] CConnection::CConnection - new connection = 0x861668
[11:43:20] [DEBUG] CThreadedConnection::WorkerFunc(this=0x4233020, connection=0x4233020)
[11:43:20] [DEBUG] CThreadedConnection::CThreadedConnection(this=0x4233020, connection=0x4233020)
[11:43:20] [DEBUG] CConnectionPool::CConnectionPool(size=2, this=0x807f88)
[11:43:20] [DEBUG] CConnection::CConnection(this=0x4403020, host='localhost', user='root', passw='****', db='sampserver', options=0x7f4680)
[11:43:20] [DEBUG] CConnection::CConnection - new connection = 0x86f728
[11:43:20] [DEBUG] CThreadedConnection::WorkerFunc(this=0x4403020, connection=0x4403020)
[11:43:20] [DEBUG] CThreadedConnection::CThreadedConnection(this=0x4403020, connection=0x4403020)
[11:43:20] [DEBUG] CConnection::CConnection(this=0x45d8020, host='localhost', user='root', passw='****', db='sampserver', options=0x7f4680)
[11:43:20] [DEBUG] CConnection::CConnection - new connection = 0x8798c0
[11:43:20] [DEBUG] CThreadedConnection::WorkerFunc(this=0x45d8020, connection=0x45d8020)
[11:43:20] [DEBUG] CThreadedConnection::CThreadedConnection(this=0x45d8020, connection=0x45d8020)
[11:43:20] [INFO] Connection handle with id '1' successfully created.
[11:43:20] [DEBUG] CHandleManager::Create - new handle = 0x7d6ef8
[11:43:20] [DEBUG] mysql_connect_file: return value: '1' (d:\Project\Servers\SA-MP Server\samp-server\gamemodes\gamemode.pwn:592 -> D:\Project\Servers\SA-MP Server\samp-server\pawno\include\YSI_Coding\y_va\..\..\YSI_Core\y_core\..\..\indirection\indirection.inc:1033)
[11:43:20] [DEBUG] mysql_errno(1) (d:\Project\Servers\SA-MP Server\samp-server\gamemodes\gamemode.pwn:594 -> D:\Project\Servers\SA-MP Server\samp-server\pawno\include\YSI_Coding\y_va\..\..\YSI_Core\y_core\..\..\indirection\indirection.inc:1033)
[11:43:20] [DEBUG] CHandle::GetErrorId(this=0x7d6ef8)
[11:43:20] [DEBUG] CConnection::GetError(this=0x807cc8, connection=0x82b4b0)
[11:43:20] [DEBUG] CHandle::GetErrorId - return value: true, error id: '0', error msg: ''
[11:43:20] [DEBUG] mysql_errno: return value: '0' (d:\Project\Servers\SA-MP Server\samp-server\gamemodes\gamemode.pwn:594 -> D:\Project\Servers\SA-MP Server\samp-server\pawno\include\YSI_Coding\y_va\..\..\YSI_Core\y_core\..\..\indirection\indirection.inc:1033)
[11:43:20] [DEBUG] mysql_query(1, "select * from users order by id asc", 1) (d:\Project\Servers\SA-MP Server\samp-server\gamemodes\gamemode.pwn:254 -> d:\Project\Servers\SA-MP Server\samp-server\gamemodes\gamemode.pwn:600 -> D:\Project\Servers\SA-MP Server\samp-server\pawno\include\YSI_Coding\y_va\..\..\YSI_Core\y_core\..\..\indirection\indirection.inc:1033)
[11:43:20] [DEBUG] CHandle::Execute(this=0x7d6ef8, type=3, query=0x7db788)
[11:43:20] [DEBUG] CConnection::Execute(query=0x7db788, this=0x807cc8, connection=0x82b4b0)
[11:43:20] [DEBUG] CQuery::Execute(this=0x7db788, connection=0x82b4b0)
[11:43:20] [INFO] query "select * from users order by id asc" successfully executed within 0.357 milliseconds
[11:43:20] [DEBUG] CResultSet::Create(connection=0x82b4b0, query_str='select * from users order by id asc')
[11:43:20] [DEBUG] created new resultset '0x829e08'
[11:43:20] [DEBUG] fetched MySQL result '0x80df60'
[11:43:20] [DEBUG] allocated 172 bytes for PAWN result
[11:43:20] [DEBUG] CHandle::Execute - return value: true
[11:43:20] [DEBUG] mysql_query: return value: '1' (d:\Project\Servers\SA-MP Server\samp-server\gamemodes\gamemode.pwn:254 -> d:\Project\Servers\SA-MP Server\samp-server\gamemodes\gamemode.pwn:600 -> D:\Project\Servers\SA-MP Server\samp-server\pawno\include\YSI_Coding\y_va\..\..\YSI_Core\y_core\..\..\indirection\indirection.inc:1033)
[11:43:20] [DEBUG] cache_get_row_count(0x040E31EC) (d:\Project\Servers\SA-MP Server\samp-server\gamemodes\gamemode.pwn:255 -> d:\Project\Servers\SA-MP Server\samp-server\gamemodes\gamemode.pwn:600 -> D:\Project\Servers\SA-MP Server\samp-server\pawno\include\YSI_Coding\y_va\..\..\YSI_Core\y_core\..\..\indirection\indirection.inc:1033)
[11:43:20] [DEBUG] cache_get_row_count: return value: '1' (d:\Project\Servers\SA-MP Server\samp-server\gamemodes\gamemode.pwn:255 -> d:\Project\Servers\SA-MP Server\samp-server\gamemodes\gamemode.pwn:600 -> D:\Project\Servers\SA-MP Server\samp-server\pawno\include\YSI_Coding\y_va\..\..\YSI_Core\y_core\..\..\indirection\indirection.inc:1033)
[11:43:20] [DEBUG] mysql_query(1, "select * from bans order by username asc", 1) (d:\Project\Servers\SA-MP Server\samp-server\gamemodes\gamemode.pwn:259 -> d:\Project\Servers\SA-MP Server\samp-server\gamemodes\gamemode.pwn:600 -> D:\Project\Servers\SA-MP Server\samp-server\pawno\include\YSI_Coding\y_va\..\..\YSI_Core\y_core\..\..\indirection\indirection.inc:1033)
[11:43:20] [DEBUG] CHandle::Execute(this=0x7d6ef8, type=3, query=0x7dbb18)
[11:43:20] [DEBUG] CConnection::Execute(query=0x7dbb18, this=0x807cc8, connection=0x82b4b0)
[11:43:20] [DEBUG] CQuery::Execute(this=0x7dbb18, connection=0x82b4b0)
[11:43:20] [INFO] query "select * from bans order by username asc" successfully executed within 0.276 milliseconds
[11:43:20] [DEBUG] CResultSet::Create(connection=0x82b4b0, query_str='select * from bans order by username asc')
[11:43:20] [DEBUG] created new resultset '0x8298c8'
[11:43:20] [DEBUG] fetched MySQL result '0x86f3f8'
[11:43:20] [DEBUG] allocated 0 bytes for PAWN result
[11:43:20] [DEBUG] CHandle::Execute - return value: true
[11:43:20] [DEBUG] mysql_query: return value: '2' (d:\Project\Servers\SA-MP Server\samp-server\gamemodes\gamemode.pwn:259 -> d:\Project\Servers\SA-MP Server\samp-server\gamemodes\gamemode.pwn:600 -> D:\Project\Servers\SA-MP Server\samp-server\pawno\include\YSI_Coding\y_va\..\..\YSI_Core\y_core\..\..\indirection\indirection.inc:1033)
[11:43:20] [DEBUG] cache_get_row_count(0x040E31EC) (d:\Project\Servers\SA-MP Server\samp-server\gamemodes\gamemode.pwn:260 -> d:\Project\Servers\SA-MP Server\samp-server\gamemodes\gamemode.pwn:600 -> D:\Project\Servers\SA-MP Server\samp-server\pawno\include\YSI_Coding\y_va\..\..\YSI_Core\y_core\..\..\indirection\indirection.inc:1033)
[11:43:20] [DEBUG] cache_get_row_count: return value: '1' (d:\Project\Servers\SA-MP Server\samp-server\gamemodes\gamemode.pwn:260 -> d:\Project\Servers\SA-MP Server\samp-server\gamemodes\gamemode.pwn:600 -> D:\Project\Servers\SA-MP Server\samp-server\pawno\include\YSI_Coding\y_va\..\..\YSI_Core\y_core\..\..\indirection\indirection.inc:1033)
[11:43:20] [DEBUG] mysql_query(1, "select * from banips order by ip asc", 1) (d:\Project\Servers\SA-MP Server\samp-server\gamemodes\gamemode.pwn:264 -> d:\Project\Servers\SA-MP Server\samp-server\gamemodes\gamemode.pwn:600 -> D:\Project\Servers\SA-MP Server\samp-server\pawno\include\YSI_Coding\y_va\..\..\YSI_Core\y_core\..\..\indirection\indirection.inc:1033)
[11:43:20] [DEBUG] CHandle::Execute(this=0x7d6ef8, type=3, query=0x7db950)
[11:43:20] [DEBUG] CConnection::Execute(query=0x7db950, this=0x807cc8, connection=0x82b4b0)
[11:43:20] [DEBUG] CQuery::Execute(this=0x7db950, connection=0x82b4b0)
[11:43:20] [INFO] query "select * from banips order by ip asc" successfully executed within 0.311 milliseconds
[11:43:20] [DEBUG] CResultSet::Create(connection=0x82b4b0, query_str='select * from banips order by ip asc')
[11:43:20] [DEBUG] created new resultset '0x829cf0'
[11:43:20] [DEBUG] fetched MySQL result '0x86f3f8'
[11:43:20] [DEBUG] allocated 0 bytes for PAWN result
[11:43:20] [DEBUG] CHandle::Execute - return value: true
[11:43:20] [DEBUG] mysql_query: return value: '3' (d:\Project\Servers\SA-MP Server\samp-server\gamemodes\gamemode.pwn:264 -> d:\Project\Servers\SA-MP Server\samp-server\gamemodes\gamemode.pwn:600 -> D:\Project\Servers\SA-MP Server\samp-server\pawno\include\YSI_Coding\y_va\..\..\YSI_Core\y_core\..\..\indirection\indirection.inc:1033)
[11:43:20] [DEBUG] cache_get_row_count(0x040E31EC) (d:\Project\Servers\SA-MP Server\samp-server\gamemodes\gamemode.pwn:265 -> d:\Project\Servers\SA-MP Server\samp-server\gamemodes\gamemode.pwn:600 -> D:\Project\Servers\SA-MP Server\samp-server\pawno\include\YSI_Coding\y_va\..\..\YSI_Core\y_core\..\..\indirection\indirection.inc:1033)
[11:43:20] [DEBUG] cache_get_row_count: return value: '1' (d:\Project\Servers\SA-MP Server\samp-server\gamemodes\gamemode.pwn:265 -> d:\Project\Servers\SA-MP Server\samp-server\gamemodes\gamemode.pwn:600 -> D:\Project\Servers\SA-MP Server\samp-server\pawno\include\YSI_Coding\y_va\..\..\YSI_Core\y_core\..\..\indirection\indirection.inc:1033)
[11:43:20] [DEBUG] mysql_query(1, "select * from admins order by username asc", 1) (d:\Project\Servers\SA-MP Server\samp-server\gamemodes\gamemode.pwn:269 -> d:\Project\Servers\SA-MP Server\samp-server\gamemodes\gamemode.pwn:600 -> D:\Project\Servers\SA-MP Server\samp-server\pawno\include\YSI_Coding\y_va\..\..\YSI_Core\y_core\..\..\indirection\indirection.inc:1033)
[11:43:20] [DEBUG] CHandle::Execute(this=0x7d6ef8, type=3, query=0x7dbc48)
[11:43:20] [DEBUG] CConnection::Execute(query=0x7dbc48, this=0x807cc8, connection=0x82b4b0)
[11:43:20] [DEBUG] CQuery::Execute(this=0x7dbc48, connection=0x82b4b0)
[11:43:20] [INFO] query "select * from admins order by username asc" successfully executed within 0.801 milliseconds
[11:43:20] [DEBUG] CResultSet::Create(connection=0x82b4b0, query_str='select * from admins order by username asc')
[11:43:20] [DEBUG] created new resultset '0x82a830'
[11:43:20] [DEBUG] fetched MySQL result '0x86f3f8'
[11:43:20] [DEBUG] allocated 76 bytes for PAWN result
[11:43:20] [DEBUG] CHandle::Execute - return value: true
[11:43:20] [DEBUG] mysql_query: return value: '4' (d:\Project\Servers\SA-MP Server\samp-server\gamemodes\gamemode.pwn:269 -> d:\Project\Servers\SA-MP Server\samp-server\gamemodes\gamemode.pwn:600 -> D:\Project\Servers\SA-MP Server\samp-server\pawno\include\YSI_Coding\y_va\..\..\YSI_Core\y_core\..\..\indirection\indirection.inc:1033)
[11:43:20] [DEBUG] cache_get_row_count(0x040E31EC) (d:\Project\Servers\SA-MP Server\samp-server\gamemodes\gamemode.pwn:270 -> d:\Project\Servers\SA-MP Server\samp-server\gamemodes\gamemode.pwn:600 -> D:\Project\Servers\SA-MP Server\samp-server\pawno\include\YSI_Coding\y_va\..\..\YSI_Core\y_core\..\..\indirection\indirection.inc:1033)
[11:43:20] [DEBUG] cache_get_row_count: return value: '1' (d:\Project\Servers\SA-MP Server\samp-server\gamemodes\gamemode.pwn:270 -> d:\Project\Servers\SA-MP Server\samp-server\gamemodes\gamemode.pwn:600 -> D:\Project\Servers\SA-MP Server\samp-server\pawno\include\YSI_Coding\y_va\..\..\YSI_Core\y_core\..\..\indirection\indirection.inc:1033)
[11:43:20] [DEBUG] mysql_format(1, 0x040E2FD8, 128, "select * from commands order by cmd asc") (d:\Project\Servers\SA-MP Server\samp-server\gamemodes\gamemode.pwn:288 -> d:\Project\Servers\SA-MP Server\samp-server\gamemodes\gamemode.pwn:275 -> d:\Project\Servers\SA-MP Server\samp-server\gamemodes\gamemode.pwn:600 -> D:\Project\Servers\SA-MP Server\samp-server\pawno\include\YSI_Coding\y_va\..\..\YSI_Core\y_core\..\..\indirection\indirection.inc:1033)
[11:43:20] [DEBUG] mysql_format: return value: '39' (d:\Project\Servers\SA-MP Server\samp-server\gamemodes\gamemode.pwn:288 -> d:\Project\Servers\SA-MP Server\samp-server\gamemodes\gamemode.pwn:275 -> d:\Project\Servers\SA-MP Server\samp-server\gamemodes\gamemode.pwn:600 -> D:\Project\Servers\SA-MP Server\samp-server\pawno\include\YSI_Coding\y_va\..\..\YSI_Core\y_core\..\..\indirection\indirection.inc:1033)
[11:43:20] [DEBUG] mysql_query(1, "select * from commands order by cmd asc", 1) (d:\Project\Servers\SA-MP Server\samp-server\gamemodes\gamemode.pwn:289 -> d:\Project\Servers\SA-MP Server\samp-server\gamemodes\gamemode.pwn:275 -> d:\Project\Servers\SA-MP Server\samp-server\gamemodes\gamemode.pwn:600 -> D:\Project\Servers\SA-MP Server\samp-server\pawno\include\YSI_Coding\y_va\..\..\YSI_Core\y_core\..\..\indirection\indirection.inc:1033)
[11:43:20] [DEBUG] CHandle::Execute(this=0x7d6ef8, type=3, query=0x7dbb18)
[11:43:20] [DEBUG] CConnection::Execute(query=0x7dbb18, this=0x807cc8, connection=0x82b4b0)
[11:43:20] [DEBUG] CQuery::Execute(this=0x7dbb18, connection=0x82b4b0)
[11:43:20] [INFO] query "select * from commands order by cmd asc" successfully executed within 0.323 milliseconds
[11:43:20] [DEBUG] CResultSet::Create(connection=0x82b4b0, query_str='select * from commands order by cmd asc')
[11:43:20] [DEBUG] created new resultset '0x82aa28'
[11:43:20] [DEBUG] fetched MySQL result '0x82c800'
[11:43:20] [DEBUG] allocated 0 bytes for PAWN result
[11:43:20] [DEBUG] CHandle::Execute - return value: true
[11:43:20] [DEBUG] mysql_query: return value: '5' (d:\Project\Servers\SA-MP Server\samp-server\gamemodes\gamemode.pwn:289 -> d:\Project\Servers\SA-MP Server\samp-server\gamemodes\gamemode.pwn:275 -> d:\Project\Servers\SA-MP Server\samp-server\gamemodes\gamemode.pwn:600 -> D:\Project\Servers\SA-MP Server\samp-server\pawno\include\YSI_Coding\y_va\..\..\YSI_Core\y_core\..\..\indirection\indirection.inc:1033)
[11:43:20] [DEBUG] cache_get_row_count(0x040E31D8) (d:\Project\Servers\SA-MP Server\samp-server\gamemodes\gamemode.pwn:290 -> d:\Project\Servers\SA-MP Server\samp-server\gamemodes\gamemode.pwn:275 -> d:\Project\Servers\SA-MP Server\samp-server\gamemodes\gamemode.pwn:600 -> D:\Project\Servers\SA-MP Server\samp-server\pawno\include\YSI_Coding\y_va\..\..\YSI_Core\y_core\..\..\indirection\indirection.inc:1033)
[11:43:20] [DEBUG] cache_get_row_count: return value: '1' (d:\Project\Servers\SA-MP Server\samp-server\gamemodes\gamemode.pwn:290 -> d:\Project\Servers\SA-MP Server\samp-server\gamemodes\gamemode.pwn:275 -> d:\Project\Servers\SA-MP Server\samp-server\gamemodes\gamemode.pwn:600 -> D:\Project\Servers\SA-MP Server\samp-server\pawno\include\YSI_Coding\y_va\..\..\YSI_Core\y_core\..\..\indirection\indirection.inc:1033)
[11:43:20] [DEBUG] cache_delete(5) (d:\Project\Servers\SA-MP Server\samp-server\gamemodes\gamemode.pwn:302 -> d:\Project\Servers\SA-MP Server\samp-server\gamemodes\gamemode.pwn:275 -> d:\Project\Servers\SA-MP Server\samp-server\gamemodes\gamemode.pwn:600 -> D:\Project\Servers\SA-MP Server\samp-server\pawno\include\YSI_Coding\y_va\..\..\YSI_Core\y_core\..\..\indirection\indirection.inc:1033)
[11:43:20] [DEBUG] cache_delete: return value: '1' (d:\Project\Servers\SA-MP Server\samp-server\gamemodes\gamemode.pwn:302 -> d:\Project\Servers\SA-MP Server\samp-server\gamemodes\gamemode.pwn:275 -> d:\Project\Servers\SA-MP Server\samp-server\gamemodes\gamemode.pwn:600 -> D:\Project\Servers\SA-MP Server\samp-server\pawno\include\YSI_Coding\y_va\..\..\YSI_Core\y_core\..\..\indirection\indirection.inc:1033)
[11:43:20] [DEBUG] mysql_query(1, "select * from commands order by cmd asc", 1) (d:\Project\Servers\SA-MP Server\samp-server\gamemodes\gamemode.pwn:275 -> d:\Project\Servers\SA-MP Server\samp-server\gamemodes\gamemode.pwn:600 -> D:\Project\Servers\SA-MP Server\samp-server\pawno\include\YSI_Coding\y_va\..\..\YSI_Core\y_core\..\..\indirection\indirection.inc:1033)
[11:43:20] [DEBUG] CHandle::Execute(this=0x7d6ef8, type=3, query=0x7db950)
[11:43:20] [DEBUG] CConnection::Execute(query=0x7db950, this=0x807cc8, connection=0x82b4b0)
[11:43:20] [DEBUG] CQuery::Execute(this=0x7db950, connection=0x82b4b0)
[11:43:20] [INFO] query "select * from commands order by cmd asc" successfully executed within 0.195 milliseconds
[11:43:20] [DEBUG] CResultSet::Create(connection=0x82b4b0, query_str='select * from commands order by cmd asc')
[11:43:20] [DEBUG] created new resultset '0x82a9b8'
[11:43:20] [DEBUG] fetched MySQL result '0x82c800'
[11:43:20] [DEBUG] allocated 0 bytes for PAWN result
[11:43:20] [DEBUG] CHandle::Execute - return value: true
[11:43:20] [DEBUG] mysql_query: return value: '5' (d:\Project\Servers\SA-MP Server\samp-server\gamemodes\gamemode.pwn:275 -> d:\Project\Servers\SA-MP Server\samp-server\gamemodes\gamemode.pwn:600 -> D:\Project\Servers\SA-MP Server\samp-server\pawno\include\YSI_Coding\y_va\..\..\YSI_Core\y_core\..\..\indirection\indirection.inc:1033)
[11:43:20] [DEBUG] cache_get_row_count(0x040E31EC) (d:\Project\Servers\SA-MP Server\samp-server\gamemodes\gamemode.pwn:276 -> d:\Project\Servers\SA-MP Server\samp-server\gamemodes\gamemode.pwn:600 -> D:\Project\Servers\SA-MP Server\samp-server\pawno\include\YSI_Coding\y_va\..\..\YSI_Core\y_core\..\..\indirection\indirection.inc:1033)
[11:43:20] [DEBUG] cache_get_row_count: return value: '1' (d:\Project\Servers\SA-MP Server\samp-server\gamemodes\gamemode.pwn:276 -> d:\Project\Servers\SA-MP Server\samp-server\gamemodes\gamemode.pwn:600 -> D:\Project\Servers\SA-MP Server\samp-server\pawno\include\YSI_Coding\y_va\..\..\YSI_Core\y_core\..\..\indirection\indirection.inc:1033)
[11:43:20] [DEBUG] cache_delete(5) (d:\Project\Servers\SA-MP Server\samp-server\gamemodes\gamemode.pwn:281 -> d:\Project\Servers\SA-MP Server\samp-server\gamemodes\gamemode.pwn:600 -> D:\Project\Servers\SA-MP Server\samp-server\pawno\include\YSI_Coding\y_va\..\..\YSI_Core\y_core\..\..\indirection\indirection.inc:1033)
[11:43:20] [DEBUG] cache_delete: return value: '1' (d:\Project\Servers\SA-MP Server\samp-server\gamemodes\gamemode.pwn:281 -> d:\Project\Servers\SA-MP Server\samp-server\gamemodes\gamemode.pwn:600 -> D:\Project\Servers\SA-MP Server\samp-server\pawno\include\YSI_Coding\y_va\..\..\YSI_Core\y_core\..\..\indirection\indirection.inc:1033)
